  [1m[36m (37.9ms)[0m  [1mCREATE TABLE "schema_migrations" ("version" varchar(255) NOT NULL) [0m
  [1m[35m (0.1ms)[0m  select sqlite_version(*)
  [1m[36m (36.1ms)[0m  [1mCREATE UNIQUE INDEX "unique_schema_migrations" ON "schema_migrations" ("version")[0m
  [1m[35mActiveRecord::SchemaMigration Load (0.1ms)[0m  SELECT "schema_migrations".* FROM "schema_migrations"
Migrating to CreateConvenios (20140419182234)
  [1m[36m (0.2ms)[0m  [1mbegin transaction[0m
  [1m[35m (0.3ms)[0m  CREATE TABLE "convenios" ("id" INTEGER PRIMARY KEY AUTOINCREMENT NOT NULL, "numeroconvenio" varchar(255), "uf" varchar(255), "codigosiafi" varchar(255), "situacaoconvenio" varchar(255), "numerooriginal" varchar(255), "objetoconvenio" varchar(255), "codigoorgaosuperior" varchar(255), "nomeorgaosuperior" varchar(255), "codigoconcedente" varchar(255), "nomeconcedente" varchar(255), "codigoconvenente" varchar(255), "nomeconvenente" varchar(255), "tipoentenconvenente" varchar(255), "valorconvenio" varchar(255), "valorliberado" varchar(255), "datapublicacao" varchar(255), "datainiciovigencia" varchar(255), "datafimvigencia" varchar(255), "valorcontrapartida" varchar(255), "dataultimaliberacao" varchar(255), "valorultimaliberacao" varchar(255), "created_at" datetime, "updated_at" datetime) 
  [1m[36mSQL (0.2ms)[0m  [1mINSERT INTO "schema_migrations" ("version") VALUES (?)[0m  [["version", "20140419182234"]]
  [1m[35m (17.2ms)[0m  commit transaction
  [1m[36mActiveRecord::SchemaMigration Load (0.1ms)[0m  [1mSELECT "schema_migrations".* FROM "schema_migrations"[0m


Started GET "/convenios" for 127.0.0.1 at 2014-04-19 18:23:47 -0300
  [1m[36mActiveRecord::SchemaMigration Load (0.1ms)[0m  [1mSELECT "schema_migrations".* FROM "schema_migrations"[0m

SyntaxError (/home/alessandrocb/To_de_Olho/app/controllers/convenios_controller.rb:23: syntax error, unexpected tSTRING_BEG, expecting keyword_end
...ct_to convenios_url, :notice  "Convenios importados com suce...
...                               ^):
  activesupport (4.1.0) lib/active_support/dependencies.rb:443:in `load'
  activesupport (4.1.0) lib/active_support/dependencies.rb:443:in `block in load_file'
  activesupport (4.1.0) lib/active_support/dependencies.rb:633:in `new_constants_in'
  activesupport (4.1.0) lib/active_support/dependencies.rb:442:in `load_file'
  activesupport (4.1.0) lib/active_support/dependencies.rb:342:in `require_or_load'
  activesupport (4.1.0) lib/active_support/dependencies.rb:480:in `load_missing_constant'
  activesupport (4.1.0) lib/active_support/dependencies.rb:180:in `const_missing'
  activesupport (4.1.0) lib/active_support/inflector/methods.rb:238:in `const_get'
  activesupport (4.1.0) lib/active_support/inflector/methods.rb:238:in `block in constantize'
  activesupport (4.1.0) lib/active_support/inflector/methods.rb:236:in `each'
  activesupport (4.1.0) lib/active_support/inflector/methods.rb:236:in `inject'
  activesupport (4.1.0) lib/active_support/inflector/methods.rb:236:in `constantize'
  activesupport (4.1.0) lib/active_support/dependencies.rb:552:in `get'
  activesupport (4.1.0) lib/active_support/dependencies.rb:583:in `constantize'
  actionpack (4.1.0) lib/action_dispatch/routing/route_set.rb:76:in `controller_reference'
  actionpack (4.1.0) lib/action_dispatch/routing/route_set.rb:66:in `controller'
  actionpack (4.1.0) lib/action_dispatch/routing/route_set.rb:44:in `call'
  actionpack (4.1.0) lib/action_dispatch/journey/router.rb:71:in `block in call'
  actionpack (4.1.0) lib/action_dispatch/journey/router.rb:59:in `each'
  actionpack (4.1.0) lib/action_dispatch/journey/router.rb:59:in `call'
  actionpack (4.1.0) lib/action_dispatch/routing/route_set.rb:676:in `call'
  rack (1.5.2) lib/rack/etag.rb:23:in `call'
  rack (1.5.2) lib/rack/conditionalget.rb:25:in `call'
  rack (1.5.2) lib/rack/head.rb:11:in `call'
  actionpack (4.1.0) lib/action_dispatch/middleware/params_parser.rb:27:in `call'
  actionpack (4.1.0) lib/action_dispatch/middleware/flash.rb:254:in `call'
  rack (1.5.2) lib/rack/session/abstract/id.rb:225:in `context'
  rack (1.5.2) lib/rack/session/abstract/id.rb:220:in `call'
  actionpack (4.1.0) lib/action_dispatch/middleware/cookies.rb:560:in `call'
  activerecord (4.1.0) lib/active_record/query_cache.rb:36:in `call'
  activerecord (4.1.0) lib/active_record/connection_adapters/abstract/connection_pool.rb:621:in `call'
  activerecord (4.1.0) lib/active_record/migration.rb:380:in `call'
  actionpack (4.1.0) lib/action_dispatch/middleware/callbacks.rb:29:in `block in call'
  activesupport (4.1.0) lib/active_support/callbacks.rb:82:in `run_callbacks'
  actionpack (4.1.0) lib/action_dispatch/middleware/callbacks.rb:27:in `call'
  actionpack (4.1.0) lib/action_dispatch/middleware/reloader.rb:73:in `call'
  actionpack (4.1.0) lib/action_dispatch/middleware/remote_ip.rb:76:in `call'
  actionpack (4.1.0) lib/action_dispatch/middleware/debug_exceptions.rb:17:in `call'
  actionpack (4.1.0) lib/action_dispatch/middleware/show_exceptions.rb:30:in `call'
  railties (4.1.0) lib/rails/rack/logger.rb:38:in `call_app'
  railties (4.1.0) lib/rails/rack/logger.rb:20:in `block in call'
  activesupport (4.1.0) lib/active_support/tagged_logging.rb:68:in `block in tagged'
  activesupport (4.1.0) lib/active_support/tagged_logging.rb:26:in `tagged'
  activesupport (4.1.0) lib/active_support/tagged_logging.rb:68:in `tagged'
  railties (4.1.0) lib/rails/rack/logger.rb:20:in `call'
  actionpack (4.1.0) lib/action_dispatch/middleware/request_id.rb:21:in `call'
  rack (1.5.2) lib/rack/methodoverride.rb:21:in `call'
  rack (1.5.2) lib/rack/runtime.rb:17:in `call'
  activesupport (4.1.0) lib/active_support/cache/strategy/local_cache_middleware.rb:26:in `call'
  rack (1.5.2) lib/rack/lock.rb:17:in `call'
  actionpack (4.1.0) lib/action_dispatch/middleware/static.rb:64:in `call'
  rack (1.5.2) lib/rack/sendfile.rb:112:in `call'
  railties (4.1.0) lib/rails/engine.rb:514:in `call'
  railties (4.1.0) lib/rails/application.rb:144:in `call'
  rack (1.5.2) lib/rack/lock.rb:17:in `call'
  rack (1.5.2) lib/rack/content_length.rb:14:in `call'
  rack (1.5.2) lib/rack/handler/webrick.rb:60:in `service'
  /home/alessandrocb/.rvm/rubies/ruby-2.1.1/lib/ruby/2.1.0/webrick/httpserver.rb:138:in `service'
  /home/alessandrocb/.rvm/rubies/ruby-2.1.1/lib/ruby/2.1.0/webrick/httpserver.rb:94:in `run'
  /home/alessandrocb/.rvm/rubies/ruby-2.1.1/lib/ruby/2.1.0/webrick/server.rb:295:in `block in start_thread'


  Rendered /home/alessandrocb/.rvm/gems/ruby-2.1.1/gems/actionpack-4.1.0/lib/action_dispatch/middleware/templates/rescues/_source.erb (0.7ms)
  Rendered /home/alessandrocb/.rvm/gems/ruby-2.1.1/gems/actionpack-4.1.0/lib/action_dispatch/middleware/templates/rescues/_trace.html.erb (1.8ms)
  Rendered /home/alessandrocb/.rvm/gems/ruby-2.1.1/gems/actionpack-4.1.0/lib/action_dispatch/middleware/templates/rescues/_request_and_response.html.erb (44.6ms)
  Rendered /home/alessandrocb/.rvm/gems/ruby-2.1.1/gems/actionpack-4.1.0/lib/action_dispatch/middleware/templates/rescues/diagnostics.erb within rescues/layout (125.6ms)


Started GET "/convenios" for 127.0.0.1 at 2014-04-19 18:25:51 -0300
  [1m[36mActiveRecord::SchemaMigration Load (0.8ms)[0m  [1mSELECT "schema_migrations".* FROM "schema_migrations"[0m
Processing by ConveniosController#index as HTML
  [1m[35mConvenio Load (0.3ms)[0m  SELECT  "convenios".* FROM "convenios"  WHERE "convenios"."id" = ? LIMIT 1  [["id", 1]]
Completed 404 Not Found in 101ms

ActiveRecord::RecordNotFound (Couldn't find Convenio with 'id'=1):
  app/controllers/convenios_controller.rb:7:in `index'


  Rendered /home/alessandrocb/.rvm/gems/ruby-2.1.1/gems/actionpack-4.1.0/lib/action_dispatch/middleware/templates/rescues/_source.erb (0.9ms)
  Rendered /home/alessandrocb/.rvm/gems/ruby-2.1.1/gems/actionpack-4.1.0/lib/action_dispatch/middleware/templates/rescues/_trace.html.erb (1.7ms)
  Rendered /home/alessandrocb/.rvm/gems/ruby-2.1.1/gems/actionpack-4.1.0/lib/action_dispatch/middleware/templates/rescues/_request_and_response.html.erb (5.7ms)
  Rendered /home/alessandrocb/.rvm/gems/ruby-2.1.1/gems/actionpack-4.1.0/lib/action_dispatch/middleware/templates/rescues/diagnostics.erb within rescues/layout (58.3ms)


Started GET "/convenios" for 127.0.0.1 at 2014-04-19 18:26:41 -0300
  [1m[36mActiveRecord::SchemaMigration Load (0.1ms)[0m  [1mSELECT "schema_migrations".* FROM "schema_migrations"[0m
Processing by ConveniosController#index as HTML
  Rendered convenios/index.html.erb within layouts/application (4.2ms)
Completed 500 Internal Server Error in 26ms

ActionView::Template::Error (undefined method `each' for nil:NilClass):
    30:   </thead>
    31: 
    32:   <tbody>
    33:     <% @convenios.each do |convenio| %>
    34:       <tr>
    35:         <td><%= convenio.numeroconvenio %></td>
    36:         <td><%= convenio.uf %></td>
  app/views/convenios/index.html.erb:33:in `_app_views_convenios_index_html_erb___3089457385606798987_20978620'


  Rendered /home/alessandrocb/.rvm/gems/ruby-2.1.1/gems/actionpack-4.1.0/lib/action_dispatch/middleware/templates/rescues/_trace.html.erb (0.7ms)
  Rendered /home/alessandrocb/.rvm/gems/ruby-2.1.1/gems/actionpack-4.1.0/lib/action_dispatch/middleware/templates/rescues/_request_and_response.html.erb (0.9ms)
  Rendered /home/alessandrocb/.rvm/gems/ruby-2.1.1/gems/actionpack-4.1.0/lib/action_dispatch/middleware/templates/rescues/template_error.html.erb within rescues/layout (8.8ms)


Started GET "/convenios" for 127.0.0.1 at 2014-04-19 18:28:21 -0300
  [1m[36mActiveRecord::SchemaMigration Load (0.1ms)[0m  [1mSELECT "schema_migrations".* FROM "schema_migrations"[0m
Processing by ConveniosController#index as HTML
  Rendered convenios/index.html.erb within layouts/application (65.2ms)
Completed 500 Internal Server Error in 87ms

ActionView::Template::Error (undefined method `each' for nil:NilClass):
    30:   </thead>
    31: 
    32:   <tbody>
    33:     <% @convenios.each do |convenio| %>
    34:       <tr>
    35:         <td><%= convenio.numeroconvenio %></td>
    36:         <td><%= convenio.uf %></td>
  app/views/convenios/index.html.erb:33:in `_app_views_convenios_index_html_erb___2256794674408381693_32388440'


  Rendered /home/alessandrocb/.rvm/gems/ruby-2.1.1/gems/actionpack-4.1.0/lib/action_dispatch/middleware/templates/rescues/_trace.html.erb (1.0ms)
  Rendered /home/alessandrocb/.rvm/gems/ruby-2.1.1/gems/actionpack-4.1.0/lib/action_dispatch/middleware/templates/rescues/_request_and_response.html.erb (0.3ms)
  Rendered /home/alessandrocb/.rvm/gems/ruby-2.1.1/gems/actionpack-4.1.0/lib/action_dispatch/middleware/templates/rescues/template_error.html.erb within rescues/layout (8.9ms)


Started GET "/convenios" for 127.0.0.1 at 2014-04-19 18:29:45 -0300
  [1m[36mActiveRecord::SchemaMigration Load (0.1ms)[0m  [1mSELECT "schema_migrations".* FROM "schema_migrations"[0m
Processing by ConveniosController#index as HTML
  Rendered convenios/index.html.erb within layouts/application (6.7ms)
Completed 500 Internal Server Error in 33ms

ActionView::Template::Error (undefined method `each' for nil:NilClass):
    30:   </thead>
    31: 
    32:   <tbody>
    33:     <% @convenios.each do |convenio| %>
    34:       <tr>
    35:         <td><%= convenio.numeroconvenio %></td>
    36:         <td><%= convenio.uf %></td>
  app/views/convenios/index.html.erb:33:in `_app_views_convenios_index_html_erb___4132367577379189649_22861800'


  Rendered /home/alessandrocb/.rvm/gems/ruby-2.1.1/gems/actionpack-4.1.0/lib/action_dispatch/middleware/templates/rescues/_trace.html.erb (0.5ms)
  Rendered /home/alessandrocb/.rvm/gems/ruby-2.1.1/gems/actionpack-4.1.0/lib/action_dispatch/middleware/templates/rescues/_request_and_response.html.erb (0.8ms)
  Rendered /home/alessandrocb/.rvm/gems/ruby-2.1.1/gems/actionpack-4.1.0/lib/action_dispatch/middleware/templates/rescues/template_error.html.erb within rescues/layout (10.6ms)


Started GET "/convenios" for 127.0.0.1 at 2014-04-19 18:33:24 -0300
  [1m[36mActiveRecord::SchemaMigration Load (0.2ms)[0m  [1mSELECT "schema_migrations".* FROM "schema_migrations"[0m
Processing by ConveniosController#index as HTML
  [1m[35mConvenio Load (0.4ms)[0m  SELECT "convenios".* FROM "convenios"
  Rendered convenios/index.html.erb within layouts/application (3.0ms)
Completed 200 OK in 2168ms (Views: 2092.7ms | ActiveRecord: 0.4ms)


Started GET "/assets/convenios.css?body=1" for 127.0.0.1 at 2014-04-19 18:33:26 -0300


Started GET "/assets/application.css?body=1" for 127.0.0.1 at 2014-04-19 18:33:26 -0300


Started GET "/assets/jquery.js?body=1" for 127.0.0.1 at 2014-04-19 18:33:26 -0300


Started GET "/assets/jquery_ujs.js?body=1" for 127.0.0.1 at 2014-04-19 18:33:26 -0300


Started GET "/assets/convenios.js?body=1" for 127.0.0.1 at 2014-04-19 18:33:26 -0300


Started GET "/assets/turbolinks.js?body=1" for 127.0.0.1 at 2014-04-19 18:33:26 -0300


Started GET "/assets/application.js?body=1" for 127.0.0.1 at 2014-04-19 18:33:26 -0300


Started GET "/convenios" for 127.0.0.1 at 2014-04-19 18:34:31 -0300
  [1m[36mActiveRecord::SchemaMigration Load (0.1ms)[0m  [1mSELECT "schema_migrations".* FROM "schema_migrations"[0m
Processing by ConveniosController#index as HTML
  [1m[35mConvenio Load (0.1ms)[0m  SELECT "convenios".* FROM "convenios"
  Rendered convenios/index.html.erb within layouts/application (3.3ms)
Completed 200 OK in 113ms (Views: 97.3ms | ActiveRecord: 0.1ms)


Started GET "/assets/convenios.css?body=1" for 127.0.0.1 at 2014-04-19 18:34:31 -0300


Started GET "/assets/jquery.js?body=1" for 127.0.0.1 at 2014-04-19 18:34:31 -0300


Started GET "/assets/application.js?body=1" for 127.0.0.1 at 2014-04-19 18:34:31 -0300


Started GET "/assets/convenios.js?body=1" for 127.0.0.1 at 2014-04-19 18:34:31 -0300


Started GET "/assets/application.css?body=1" for 127.0.0.1 at 2014-04-19 18:34:31 -0300


Started GET "/assets/turbolinks.js?body=1" for 127.0.0.1 at 2014-04-19 18:34:31 -0300


Started GET "/assets/jquery_ujs.js?body=1" for 127.0.0.1 at 2014-04-19 18:34:31 -0300


Started POST "/convenios/import" for 127.0.0.1 at 2014-04-19 18:34:40 -0300
Processing by ConveniosController#import as HTML
  Parameters: {"utf8"=>"✓", "authenticity_token"=>"n/E3D65SPRtXVxTFbidhJFAES1C298PhCxf0EcddJsk=", "file"=>#<ActionDispatch::Http::UploadedFile:0x0000000462ccb8 @tempfile=#<Tempfile:/tmp/RackMultipart20140419-4711-1s1bnkf>, @original_filename="convenios2.csv", @content_type="text/csv", @headers="Content-Disposition: form-data; name=\"file\"; filename=\"convenios2.csv\"\r\nContent-Type: text/csv\r\n">, "commit"=>"Import CSV"}
Completed 500 Internal Server Error in 3ms

NameError (undefined local variable or method `find' for #<ConveniosController:0x0000000462d758>):
  app/controllers/convenios_controller.rb:27:in `import'


  Rendered /home/alessandrocb/.rvm/gems/ruby-2.1.1/gems/actionpack-4.1.0/lib/action_dispatch/middleware/templates/rescues/_source.erb (0.8ms)
  Rendered /home/alessandrocb/.rvm/gems/ruby-2.1.1/gems/actionpack-4.1.0/lib/action_dispatch/middleware/templates/rescues/_trace.html.erb (1.2ms)
  Rendered /home/alessandrocb/.rvm/gems/ruby-2.1.1/gems/actionpack-4.1.0/lib/action_dispatch/middleware/templates/rescues/_request_and_response.html.erb (0.5ms)
  Rendered /home/alessandrocb/.rvm/gems/ruby-2.1.1/gems/actionpack-4.1.0/lib/action_dispatch/middleware/templates/rescues/diagnostics.erb within rescues/layout (14.4ms)


Started GET "/convenios" for 127.0.0.1 at 2014-04-19 18:36:15 -0300
  [1m[36mActiveRecord::SchemaMigration Load (0.1ms)[0m  [1mSELECT "schema_migrations".* FROM "schema_migrations"[0m
Processing by ConveniosController#index as HTML
  [1m[35mConvenio Load (0.2ms)[0m  SELECT "convenios".* FROM "convenios"
  Rendered convenios/index.html.erb within layouts/application (2.8ms)
Completed 200 OK in 177ms (Views: 101.2ms | ActiveRecord: 0.2ms)


Started GET "/assets/convenios.css?body=1" for 127.0.0.1 at 2014-04-19 18:36:15 -0300


Started GET "/assets/jquery.js?body=1" for 127.0.0.1 at 2014-04-19 18:36:15 -0300


Started GET "/assets/application.css?body=1" for 127.0.0.1 at 2014-04-19 18:36:15 -0300


Started GET "/assets/convenios.js?body=1" for 127.0.0.1 at 2014-04-19 18:36:15 -0300


Started GET "/assets/turbolinks.js?body=1" for 127.0.0.1 at 2014-04-19 18:36:16 -0300


Started GET "/assets/jquery_ujs.js?body=1" for 127.0.0.1 at 2014-04-19 18:36:16 -0300


Started GET "/assets/application.js?body=1" for 127.0.0.1 at 2014-04-19 18:36:16 -0300


Started POST "/convenios/import" for 127.0.0.1 at 2014-04-19 18:36:22 -0300
Processing by ConveniosController#import as HTML
  Parameters: {"utf8"=>"✓", "authenticity_token"=>"n/E3D65SPRtXVxTFbidhJFAES1C298PhCxf0EcddJsk=", "file"=>#<ActionDispatch::Http::UploadedFile:0x00000004db0390 @tempfile=#<Tempfile:/tmp/RackMultipart20140419-4745-1guugpi>, @original_filename="convenios2.csv", @content_type="text/csv", @headers="Content-Disposition: form-data; name=\"file\"; filename=\"convenios2.csv\"\r\nContent-Type: text/csv\r\n">, "commit"=>"Import CSV"}
Completed 500 Internal Server Error in 83ms

ActiveRecord::UnknownAttributeError (unknown attribute: nomemunicipio):
  app/models/convenio.rb:5:in `block in import'
  app/models/convenio.rb:4:in `import'
  app/controllers/convenios_controller.rb:27:in `import'


  Rendered /home/alessandrocb/.rvm/gems/ruby-2.1.1/gems/actionpack-4.1.0/lib/action_dispatch/middleware/templates/rescues/_source.erb (0.7ms)
  Rendered /home/alessandrocb/.rvm/gems/ruby-2.1.1/gems/actionpack-4.1.0/lib/action_dispatch/middleware/templates/rescues/_trace.html.erb (1.5ms)
  Rendered /home/alessandrocb/.rvm/gems/ruby-2.1.1/gems/actionpack-4.1.0/lib/action_dispatch/middleware/templates/rescues/_request_and_response.html.erb (0.8ms)
  Rendered /home/alessandrocb/.rvm/gems/ruby-2.1.1/gems/actionpack-4.1.0/lib/action_dispatch/middleware/templates/rescues/diagnostics.erb within rescues/layout (78.6ms)


Started GET "/convenios" for 127.0.0.1 at 2014-04-19 18:39:40 -0300
  [1m[36mActiveRecord::SchemaMigration Load (0.1ms)[0m  [1mSELECT "schema_migrations".* FROM "schema_migrations"[0m
Processing by ConveniosController#index as HTML
  [1m[35mConvenio Load (0.2ms)[0m  SELECT "convenios".* FROM "convenios"
  Rendered convenios/index.html.erb within layouts/application (3.1ms)
Completed 200 OK in 182ms (Views: 100.7ms | ActiveRecord: 0.2ms)


Started GET "/assets/convenios.css?body=1" for 127.0.0.1 at 2014-04-19 18:39:41 -0300


Started GET "/assets/jquery.js?body=1" for 127.0.0.1 at 2014-04-19 18:39:41 -0300


Started GET "/assets/convenios.js?body=1" for 127.0.0.1 at 2014-04-19 18:39:41 -0300


Started GET "/assets/turbolinks.js?body=1" for 127.0.0.1 at 2014-04-19 18:39:41 -0300


Started GET "/assets/application.css?body=1" for 127.0.0.1 at 2014-04-19 18:39:41 -0300


Started GET "/assets/jquery_ujs.js?body=1" for 127.0.0.1 at 2014-04-19 18:39:41 -0300


Started GET "/assets/application.js?body=1" for 127.0.0.1 at 2014-04-19 18:39:41 -0300


Started POST "/convenios/import" for 127.0.0.1 at 2014-04-19 18:39:47 -0300
Processing by ConveniosController#import as HTML
  Parameters: {"utf8"=>"✓", "authenticity_token"=>"n/E3D65SPRtXVxTFbidhJFAES1C298PhCxf0EcddJsk=", "file"=>#<ActionDispatch::Http::UploadedFile:0x00000006031de8 @tempfile=#<Tempfile:/tmp/RackMultipart20140419-4783-tq709t>, @original_filename="convenios2.csv", @content_type="text/csv", @headers="Content-Disposition: form-data; name=\"file\"; filename=\"convenios2.csv\"\r\nContent-Type: text/csv\r\n">, "commit"=>"Import CSV"}
Completed 500 Internal Server Error in 77ms

ActiveRecord::UnknownAttributeError (unknown attribute: nomemunicipio):
  app/models/convenio.rb:5:in `block in import'
  app/models/convenio.rb:4:in `import'
  app/controllers/convenios_controller.rb:27:in `import'


  Rendered /home/alessandrocb/.rvm/gems/ruby-2.1.1/gems/actionpack-4.1.0/lib/action_dispatch/middleware/templates/rescues/_source.erb (1.1ms)
  Rendered /home/alessandrocb/.rvm/gems/ruby-2.1.1/gems/actionpack-4.1.0/lib/action_dispatch/middleware/templates/rescues/_trace.html.erb (1.5ms)
  Rendered /home/alessandrocb/.rvm/gems/ruby-2.1.1/gems/actionpack-4.1.0/lib/action_dispatch/middleware/templates/rescues/_request_and_response.html.erb (1.1ms)
  Rendered /home/alessandrocb/.rvm/gems/ruby-2.1.1/gems/actionpack-4.1.0/lib/action_dispatch/middleware/templates/rescues/diagnostics.erb within rescues/layout (14.3ms)
  [1m[36mActiveRecord::SchemaMigration Load (0.1ms)[0m  [1mSELECT "schema_migrations".* FROM "schema_migrations"[0m
  [1m[35mActiveRecord::SchemaMigration Load (0.1ms)[0m  SELECT "schema_migrations".* FROM "schema_migrations"
  [1m[36m (30.7ms)[0m  [1mCREATE TABLE "convenios" ("id" INTEGER PRIMARY KEY AUTOINCREMENT NOT NULL, "numeroconvenio" varchar(255), "uf" varchar(255), "codigosiafi" varchar(255), "situacaoconvenio" varchar(255), "numerooriginal" varchar(255), "objetoconvenio" varchar(255), "codigoorgaosuperior" varchar(255), "nomeorgaosuperior" varchar(255), "codigoconcedente" varchar(255), "nomeconcedente" varchar(255), "codigoconvenente" varchar(255), "nomeconvenente" varchar(255), "tipoentenconvenente" varchar(255), "valorconvenio" varchar(255), "valorliberado" varchar(255), "datapublicacao" varchar(255), "datainiciovigencia" varchar(255), "datafimvigencia" varchar(255), "valorcontrapartida" varchar(255), "dataultimaliberacao" varchar(255), "valorultimaliberacao" varchar(255), "created_at" datetime, "updated_at" datetime) [0m
  [1m[35m (32.5ms)[0m  CREATE TABLE "schema_migrations" ("version" varchar(255) NOT NULL) 
  [1m[36m (0.1ms)[0m  [1mselect sqlite_version(*)[0m
  [1m[35m (5.6ms)[0m  CREATE UNIQUE INDEX "unique_schema_migrations" ON "schema_migrations" ("version")
  [1m[36m (0.1ms)[0m  [1mSELECT version FROM "schema_migrations"[0m
  [1m[35m (6.9ms)[0m  INSERT INTO "schema_migrations" (version) VALUES ('20140419182234')
  [1m[36mActiveRecord::SchemaMigration Load (0.2ms)[0m  [1mSELECT "schema_migrations".* FROM "schema_migrations"[0m


Started GET "/convenios" for 127.0.0.1 at 2014-04-19 18:40:26 -0300
  [1m[36mActiveRecord::SchemaMigration Load (0.2ms)[0m  [1mSELECT "schema_migrations".* FROM "schema_migrations"[0m
Processing by ConveniosController#index as HTML
  [1m[35mConvenio Load (0.2ms)[0m  SELECT "convenios".* FROM "convenios"
  Rendered convenios/index.html.erb within layouts/application (3.3ms)
Completed 200 OK in 196ms (Views: 173.1ms | ActiveRecord: 0.2ms)


Started GET "/assets/convenios.css?body=1" for 127.0.0.1 at 2014-04-19 18:40:27 -0300


Started GET "/assets/application.css?body=1" for 127.0.0.1 at 2014-04-19 18:40:27 -0300


Started GET "/assets/jquery.js?body=1" for 127.0.0.1 at 2014-04-19 18:40:27 -0300


Started GET "/assets/convenios.js?body=1" for 127.0.0.1 at 2014-04-19 18:40:27 -0300


Started GET "/assets/jquery_ujs.js?body=1" for 127.0.0.1 at 2014-04-19 18:40:27 -0300


Started GET "/assets/turbolinks.js?body=1" for 127.0.0.1 at 2014-04-19 18:40:27 -0300


Started GET "/assets/application.js?body=1" for 127.0.0.1 at 2014-04-19 18:40:27 -0300


Started POST "/convenios/import" for 127.0.0.1 at 2014-04-19 18:40:32 -0300
Processing by ConveniosController#import as HTML
  Parameters: {"utf8"=>"✓", "authenticity_token"=>"n/E3D65SPRtXVxTFbidhJFAES1C298PhCxf0EcddJsk=", "file"=>#<ActionDispatch::Http::UploadedFile:0x00000005ddbf30 @tempfile=#<Tempfile:/tmp/RackMultipart20140419-4826-11tqf9j>, @original_filename="convenios2.csv", @content_type="text/csv", @headers="Content-Disposition: form-data; name=\"file\"; filename=\"convenios2.csv\"\r\nContent-Type: text/csv\r\n">, "commit"=>"Import CSV"}
Completed 500 Internal Server Error in 19ms

ActiveRecord::UnknownAttributeError (unknown attribute: nomemunicipio):
  app/models/convenio.rb:5:in `block in import'
  app/models/convenio.rb:4:in `import'
  app/controllers/convenios_controller.rb:27:in `import'


  Rendered /home/alessandrocb/.rvm/gems/ruby-2.1.1/gems/actionpack-4.1.0/lib/action_dispatch/middleware/templates/rescues/_source.erb (0.4ms)
  Rendered /home/alessandrocb/.rvm/gems/ruby-2.1.1/gems/actionpack-4.1.0/lib/action_dispatch/middleware/templates/rescues/_trace.html.erb (1.3ms)
  Rendered /home/alessandrocb/.rvm/gems/ruby-2.1.1/gems/actionpack-4.1.0/lib/action_dispatch/middleware/templates/rescues/_request_and_response.html.erb (1.4ms)
  Rendered /home/alessandrocb/.rvm/gems/ruby-2.1.1/gems/actionpack-4.1.0/lib/action_dispatch/middleware/templates/rescues/diagnostics.erb within rescues/layout (58.5ms)
  [1m[36mActiveRecord::SchemaMigration Load (0.0ms)[0m  [1mSELECT "schema_migrations".* FROM "schema_migrations"[0m
  [1m[35mActiveRecord::SchemaMigration Load (0.1ms)[0m  SELECT "schema_migrations".* FROM "schema_migrations"
  [1m[36m (114.7ms)[0m  [1mCREATE TABLE "schema_migrations" ("version" varchar(255) NOT NULL) [0m
  [1m[35m (0.1ms)[0m  select sqlite_version(*)
  [1m[36m (6.8ms)[0m  [1mCREATE UNIQUE INDEX "unique_schema_migrations" ON "schema_migrations" ("version")[0m
  [1m[35mActiveRecord::SchemaMigration Load (0.1ms)[0m  SELECT "schema_migrations".* FROM "schema_migrations"
Migrating to CreateConvenios (20140419182234)
  [1m[36m (0.1ms)[0m  [1mbegin transaction[0m
  [1m[35m (0.3ms)[0m  CREATE TABLE "convenios" ("id" INTEGER PRIMARY KEY AUTOINCREMENT NOT NULL, "numeroconvenio" varchar(255), "uf" varchar(255), "codigosiafi" varchar(255), "nomemunicipio" varchar(255), "situacaoconvenio" varchar(255), "numerooriginal" varchar(255), "objetoconvenio" varchar(255), "codigoorgaosuperior" varchar(255), "nomeorgaosuperior" varchar(255), "codigoconcedente" varchar(255), "nomeconcedente" varchar(255), "codigoconvenente" varchar(255), "nomeconvenente" varchar(255), "tipoentenconvenente" varchar(255), "valorconvenio" varchar(255), "valorliberado" varchar(255), "datapublicacao" varchar(255), "datainiciovigencia" varchar(255), "datafimvigencia" varchar(255), "valorcontrapartida" varchar(255), "dataultimaliberacao" varchar(255), "valorultimaliberacao" varchar(255), "created_at" datetime, "updated_at" datetime) 
  [1m[36mSQL (0.1ms)[0m  [1mINSERT INTO "schema_migrations" ("version") VALUES (?)[0m  [["version", "20140419182234"]]
  [1m[35m (6.4ms)[0m  commit transaction
  [1m[36mActiveRecord::SchemaMigration Load (0.1ms)[0m  [1mSELECT "schema_migrations".* FROM "schema_migrations"[0m


Started GET "/convenios" for 127.0.0.1 at 2014-04-19 18:45:01 -0300
  [1m[36mActiveRecord::SchemaMigration Load (0.1ms)[0m  [1mSELECT "schema_migrations".* FROM "schema_migrations"[0m
Processing by ConveniosController#index as HTML
  [1m[35mConvenio Load (0.2ms)[0m  SELECT "convenios".* FROM "convenios"
  Rendered convenios/index.html.erb within layouts/application (2.9ms)
Completed 200 OK in 114ms (Views: 97.1ms | ActiveRecord: 0.2ms)


Started GET "/assets/convenios.css?body=1" for 127.0.0.1 at 2014-04-19 18:45:02 -0300


Started GET "/assets/jquery_ujs.js?body=1" for 127.0.0.1 at 2014-04-19 18:45:02 -0300


Started GET "/assets/application.js?body=1" for 127.0.0.1 at 2014-04-19 18:45:02 -0300


Started GET "/assets/turbolinks.js?body=1" for 127.0.0.1 at 2014-04-19 18:45:02 -0300


Started GET "/assets/application.css?body=1" for 127.0.0.1 at 2014-04-19 18:45:02 -0300


Started GET "/assets/convenios.js?body=1" for 127.0.0.1 at 2014-04-19 18:45:02 -0300


Started GET "/assets/jquery.js?body=1" for 127.0.0.1 at 2014-04-19 18:45:02 -0300


Started POST "/convenios/import" for 127.0.0.1 at 2014-04-19 18:45:08 -0300
Processing by ConveniosController#import as HTML
  Parameters: {"utf8"=>"✓", "authenticity_token"=>"n/E3D65SPRtXVxTFbidhJFAES1C298PhCxf0EcddJsk=", "file"=>#<ActionDispatch::Http::UploadedFile:0x00000004a56460 @tempfile=#<Tempfile:/tmp/RackMultipart20140419-5035-19qfea0>, @original_filename="convenios2.csv", @content_type="text/csv", @headers="Content-Disposition: form-data; name=\"file\"; filename=\"convenios2.csv\"\r\nContent-Type: text/csv\r\n">, "commit"=>"Import CSV"}
Completed 500 Internal Server Error in 21ms

ActiveRecord::UnknownAttributeError (unknown attribute: tipoenteconvenente):
  app/models/convenio.rb:5:in `block in import'
  app/models/convenio.rb:4:in `import'
  app/controllers/convenios_controller.rb:27:in `import'


  Rendered /home/alessandrocb/.rvm/gems/ruby-2.1.1/gems/actionpack-4.1.0/lib/action_dispatch/middleware/templates/rescues/_source.erb (0.9ms)
  Rendered /home/alessandrocb/.rvm/gems/ruby-2.1.1/gems/actionpack-4.1.0/lib/action_dispatch/middleware/templates/rescues/_trace.html.erb (1.1ms)
  Rendered /home/alessandrocb/.rvm/gems/ruby-2.1.1/gems/actionpack-4.1.0/lib/action_dispatch/middleware/templates/rescues/_request_and_response.html.erb (0.8ms)
  Rendered /home/alessandrocb/.rvm/gems/ruby-2.1.1/gems/actionpack-4.1.0/lib/action_dispatch/middleware/templates/rescues/diagnostics.erb within rescues/layout (52.7ms)
  [1m[36m (8.8ms)[0m  [1mCREATE TABLE "schema_migrations" ("version" varchar(255) NOT NULL) [0m
  [1m[35m (0.1ms)[0m  select sqlite_version(*)
  [1m[36m (19.3ms)[0m  [1mCREATE UNIQUE INDEX "unique_schema_migrations" ON "schema_migrations" ("version")[0m
  [1m[35mActiveRecord::SchemaMigration Load (0.6ms)[0m  SELECT "schema_migrations".* FROM "schema_migrations"
Migrating to CreateConvenios (20140419182234)
  [1m[36m (0.6ms)[0m  [1mbegin transaction[0m
  [1m[35m (1.0ms)[0m  CREATE TABLE "convenios" ("id" INTEGER PRIMARY KEY AUTOINCREMENT NOT NULL, "numeroconvenio" varchar(255), "uf" varchar(255), "codigosiafi" varchar(255), "nomemunicipio" varchar(255), "situacaoconvenio" varchar(255), "numerooriginal" varchar(255), "objetoconvenio" varchar(255), "codigoorgaosuperior" varchar(255), "nomeorgaosuperior" varchar(255), "codigoconcedente" varchar(255), "nomeconcedente" varchar(255), "codigoconvenente" varchar(255), "nomeconvenente" varchar(255), "tipoenteconvenente" varchar(255), "valorconvenio" varchar(255), "valorliberado" varchar(255), "datapublicacao" varchar(255), "datainiciovigencia" varchar(255), "datafimvigencia" varchar(255), "valorcontrapartida" varchar(255), "dataultimaliberacao" varchar(255), "valorultimaliberacao" varchar(255), "created_at" datetime, "updated_at" datetime) 
  [1m[36mSQL (0.5ms)[0m  [1mINSERT INTO "schema_migrations" ("version") VALUES (?)[0m  [["version", "20140419182234"]]
  [1m[35m (72.5ms)[0m  commit transaction
  [1m[36mActiveRecord::SchemaMigration Load (0.1ms)[0m  [1mSELECT "schema_migrations".* FROM "schema_migrations"[0m


Started GET "/convenios" for 127.0.0.1 at 2014-04-19 18:48:14 -0300
  [1m[36mActiveRecord::SchemaMigration Load (0.1ms)[0m  [1mSELECT "schema_migrations".* FROM "schema_migrations"[0m
Processing by ConveniosController#index as HTML
  [1m[35mConvenio Load (0.2ms)[0m  SELECT "convenios".* FROM "convenios"
  Rendered convenios/index.html.erb within layouts/application (2.3ms)
Completed 200 OK in 122ms (Views: 104.8ms | ActiveRecord: 0.2ms)


Started GET "/assets/convenios.css?body=1" for 127.0.0.1 at 2014-04-19 18:48:15 -0300


Started GET "/assets/application.css?body=1" for 127.0.0.1 at 2014-04-19 18:48:15 -0300


Started GET "/assets/jquery.js?body=1" for 127.0.0.1 at 2014-04-19 18:48:15 -0300


Started GET "/assets/jquery_ujs.js?body=1" for 127.0.0.1 at 2014-04-19 18:48:15 -0300


Started GET "/assets/convenios.js?body=1" for 127.0.0.1 at 2014-04-19 18:48:15 -0300


Started GET "/assets/application.js?body=1" for 127.0.0.1 at 2014-04-19 18:48:15 -0300


Started GET "/assets/turbolinks.js?body=1" for 127.0.0.1 at 2014-04-19 18:48:15 -0300


Started POST "/convenios/import" for 127.0.0.1 at 2014-04-19 18:48:19 -0300
Processing by ConveniosController#import as HTML
  Parameters: {"utf8"=>"✓", "authenticity_token"=>"n/E3D65SPRtXVxTFbidhJFAES1C298PhCxf0EcddJsk=", "file"=>#<ActionDispatch::Http::UploadedFile:0x00000005841d68 @tempfile=#<Tempfile:/tmp/RackMultipart20140419-5139-19ho1hj>, @original_filename="convenios2.csv", @content_type="text/csv", @headers="Content-Disposition: form-data; name=\"file\"; filename=\"convenios2.csv\"\r\nContent-Type: text/csv\r\n">, "commit"=>"Import CSV"}
  [1m[36m (0.2ms)[0m  [1mbegin transaction[0m
  [1m[35mSQL (0.3ms)[0m  INSERT INTO "convenios" ("codigoconcedente", "codigoconvenente", "codigoorgaosuperior", "codigosiafi", "created_at", "datafimvigencia", "datainiciovigencia", "datapublicacao", "dataultimaliberacao", "nomeconcedente", "nomeconvenente", "nomemunicipio", "nomeorgaosuperior", "numeroconvenio", "numerooriginal", "objetoconvenio", "situacaoconvenio", "tipoenteconvenente", "uf", "updated_at", "valorcontrapartida", "valorconvenio", "valorliberado", "valorultimaliberacao") VALUES (?, ?, ?, ?, ?, ?, ?, ?, ?, ?, ?, ?, ?, ?, ?, ?, ?, ?, ?, ?, ?, ?, ?, ?)  [["codigoconcedente", "jjj"], ["codigoconvenente", "lll"], ["codigoorgaosuperior", "hhh"], ["codigosiafi", "ccc"], ["created_at", "2014-04-19 21:48:19.774847"], ["datafimvigencia", "sss"], ["datainiciovigencia", "rrr"], ["datapublicacao", "qqq"], ["dataultimaliberacao", "uuu"], ["nomeconcedente", "kkk"], ["nomeconvenente", "mmm"], ["nomemunicipio", "ddd"], ["nomeorgaosuperior", "iii"], ["numeroconvenio", "aaa"], ["numerooriginal", "fff"], ["objetoconvenio", "ggg"], ["situacaoconvenio", "eee"], ["tipoenteconvenente", "nnn"], ["uf", "bbb"], ["updated_at", "2014-04-19 21:48:19.774847"], ["valorcontrapartida", "ttt"], ["valorconvenio", "ooo"], ["valorliberado", "ppp"], ["valorultimaliberacao", "vvv"]]
  [1m[36m (9.7ms)[0m  [1mcommit transaction[0m
Redirected to http://localhost:3000/convenios
Completed 302 Found in 39ms (ActiveRecord: 10.6ms)


Started GET "/convenios" for 127.0.0.1 at 2014-04-19 18:48:19 -0300
Processing by ConveniosController#index as HTML
  [1m[35mConvenio Load (0.2ms)[0m  SELECT "convenios".* FROM "convenios"
  Rendered convenios/index.html.erb within layouts/application (1.2ms)
Completed 200 OK in 6ms (Views: 5.1ms | ActiveRecord: 0.2ms)


Started GET "/assets/application.css?body=1" for 127.0.0.1 at 2014-04-19 18:48:19 -0300


Started GET "/assets/jquery_ujs.js?body=1" for 127.0.0.1 at 2014-04-19 18:48:19 -0300


Started GET "/assets/turbolinks.js?body=1" for 127.0.0.1 at 2014-04-19 18:48:19 -0300


Started GET "/assets/jquery.js?body=1" for 127.0.0.1 at 2014-04-19 18:48:19 -0300


Started GET "/assets/convenios.js?body=1" for 127.0.0.1 at 2014-04-19 18:48:19 -0300


Started GET "/assets/convenios.css?body=1" for 127.0.0.1 at 2014-04-19 18:48:19 -0300


Started GET "/assets/application.js?body=1" for 127.0.0.1 at 2014-04-19 18:48:19 -0300
  [1m[36mActiveRecord::SchemaMigration Load (0.1ms)[0m  [1mSELECT "schema_migrations".* FROM "schema_migrations"[0m
Migrating to CreateUsuarios (20140426005228)
  [1m[35m (0.1ms)[0m  begin transaction
  [1m[36m (0.3ms)[0m  [1mCREATE TABLE "usuarios" ("id" INTEGER PRIMARY KEY AUTOINCREMENT NOT NULL, "nome" varchar(255), "cpf" varchar(255), "email" varchar(255), "login" varchar(255), "senha" varchar(255), "created_at" datetime, "updated_at" datetime) [0m
  [1m[35mSQL (0.1ms)[0m  INSERT INTO "schema_migrations" ("version") VALUES (?)  [["version", "20140426005228"]]
  [1m[36m (184.9ms)[0m  [1mcommit transaction[0m
  [1m[35mActiveRecord::SchemaMigration Load (0.1ms)[0m  SELECT "schema_migrations".* FROM "schema_migrations"


Started GET "/usuario" for 127.0.0.1 at 2014-04-25 22:38:54 -0300
  [1m[36mActiveRecord::SchemaMigration Load (0.1ms)[0m  [1mSELECT "schema_migrations".* FROM "schema_migrations"[0m

ActionController::RoutingError (No route matches [GET] "/usuario"):
  actionpack (4.1.0) lib/action_dispatch/middleware/debug_exceptions.rb:21:in `call'
  actionpack (4.1.0) lib/action_dispatch/middleware/show_exceptions.rb:30:in `call'
  railties (4.1.0) lib/rails/rack/logger.rb:38:in `call_app'
  railties (4.1.0) lib/rails/rack/logger.rb:20:in `block in call'
  activesupport (4.1.0) lib/active_support/tagged_logging.rb:68:in `block in tagged'
  activesupport (4.1.0) lib/active_support/tagged_logging.rb:26:in `tagged'
  activesupport (4.1.0) lib/active_support/tagged_logging.rb:68:in `tagged'
  railties (4.1.0) lib/rails/rack/logger.rb:20:in `call'
  actionpack (4.1.0) lib/action_dispatch/middleware/request_id.rb:21:in `call'
  rack (1.5.2) lib/rack/methodoverride.rb:21:in `call'
  rack (1.5.2) lib/rack/runtime.rb:17:in `call'
  activesupport (4.1.0) lib/active_support/cache/strategy/local_cache_middleware.rb:26:in `call'
  rack (1.5.2) lib/rack/lock.rb:17:in `call'
  actionpack (4.1.0) lib/action_dispatch/middleware/static.rb:64:in `call'
  rack (1.5.2) lib/rack/sendfile.rb:112:in `call'
  railties (4.1.0) lib/rails/engine.rb:514:in `call'
  railties (4.1.0) lib/rails/application.rb:144:in `call'
  rack (1.5.2) lib/rack/lock.rb:17:in `call'
  rack (1.5.2) lib/rack/content_length.rb:14:in `call'
  rack (1.5.2) lib/rack/handler/webrick.rb:60:in `service'
  /home/victor/.rvm/rubies/ruby-2.1.1/lib/ruby/2.1.0/webrick/httpserver.rb:138:in `service'
  /home/victor/.rvm/rubies/ruby-2.1.1/lib/ruby/2.1.0/webrick/httpserver.rb:94:in `run'
  /home/victor/.rvm/rubies/ruby-2.1.1/lib/ruby/2.1.0/webrick/server.rb:295:in `block in start_thread'


  Rendered /home/victor/.rvm/gems/ruby-2.1.1/gems/actionpack-4.1.0/lib/action_dispatch/middleware/templates/rescues/_trace.html.erb (1.1ms)
  Rendered /home/victor/.rvm/gems/ruby-2.1.1/gems/actionpack-4.1.0/lib/action_dispatch/middleware/templates/routes/_route.html.erb (1.3ms)
  Rendered /home/victor/.rvm/gems/ruby-2.1.1/gems/actionpack-4.1.0/lib/action_dispatch/middleware/templates/routes/_table.html.erb (16.7ms)
  Rendered /home/victor/.rvm/gems/ruby-2.1.1/gems/actionpack-4.1.0/lib/action_dispatch/middleware/templates/rescues/routing_error.html.erb within rescues/layout (37.8ms)


Started GET "/usuario/new" for 127.0.0.1 at 2014-04-25 22:39:02 -0300

ActionController::RoutingError (No route matches [GET] "/usuario/new"):
  actionpack (4.1.0) lib/action_dispatch/middleware/debug_exceptions.rb:21:in `call'
  actionpack (4.1.0) lib/action_dispatch/middleware/show_exceptions.rb:30:in `call'
  railties (4.1.0) lib/rails/rack/logger.rb:38:in `call_app'
  railties (4.1.0) lib/rails/rack/logger.rb:20:in `block in call'
  activesupport (4.1.0) lib/active_support/tagged_logging.rb:68:in `block in tagged'
  activesupport (4.1.0) lib/active_support/tagged_logging.rb:26:in `tagged'
  activesupport (4.1.0) lib/active_support/tagged_logging.rb:68:in `tagged'
  railties (4.1.0) lib/rails/rack/logger.rb:20:in `call'
  actionpack (4.1.0) lib/action_dispatch/middleware/request_id.rb:21:in `call'
  rack (1.5.2) lib/rack/methodoverride.rb:21:in `call'
  rack (1.5.2) lib/rack/runtime.rb:17:in `call'
  activesupport (4.1.0) lib/active_support/cache/strategy/local_cache_middleware.rb:26:in `call'
  rack (1.5.2) lib/rack/lock.rb:17:in `call'
  actionpack (4.1.0) lib/action_dispatch/middleware/static.rb:64:in `call'
  rack (1.5.2) lib/rack/sendfile.rb:112:in `call'
  railties (4.1.0) lib/rails/engine.rb:514:in `call'
  railties (4.1.0) lib/rails/application.rb:144:in `call'
  rack (1.5.2) lib/rack/lock.rb:17:in `call'
  rack (1.5.2) lib/rack/content_length.rb:14:in `call'
  rack (1.5.2) lib/rack/handler/webrick.rb:60:in `service'
  /home/victor/.rvm/rubies/ruby-2.1.1/lib/ruby/2.1.0/webrick/httpserver.rb:138:in `service'
  /home/victor/.rvm/rubies/ruby-2.1.1/lib/ruby/2.1.0/webrick/httpserver.rb:94:in `run'
  /home/victor/.rvm/rubies/ruby-2.1.1/lib/ruby/2.1.0/webrick/server.rb:295:in `block in start_thread'


  Rendered /home/victor/.rvm/gems/ruby-2.1.1/gems/actionpack-4.1.0/lib/action_dispatch/middleware/templates/rescues/_trace.html.erb (1.0ms)
  Rendered /home/victor/.rvm/gems/ruby-2.1.1/gems/actionpack-4.1.0/lib/action_dispatch/middleware/templates/routes/_route.html.erb (1.2ms)
  Rendered /home/victor/.rvm/gems/ruby-2.1.1/gems/actionpack-4.1.0/lib/action_dispatch/middleware/templates/routes/_table.html.erb (1.0ms)
  Rendered /home/victor/.rvm/gems/ruby-2.1.1/gems/actionpack-4.1.0/lib/action_dispatch/middleware/templates/rescues/routing_error.html.erb within rescues/layout (17.8ms)


Started GET "/usuarios/new" for 127.0.0.1 at 2014-04-25 22:39:05 -0300

ActionController::RoutingError (No route matches [GET] "/usuarios/new"):
  actionpack (4.1.0) lib/action_dispatch/middleware/debug_exceptions.rb:21:in `call'
  actionpack (4.1.0) lib/action_dispatch/middleware/show_exceptions.rb:30:in `call'
  railties (4.1.0) lib/rails/rack/logger.rb:38:in `call_app'
  railties (4.1.0) lib/rails/rack/logger.rb:20:in `block in call'
  activesupport (4.1.0) lib/active_support/tagged_logging.rb:68:in `block in tagged'
  activesupport (4.1.0) lib/active_support/tagged_logging.rb:26:in `tagged'
  activesupport (4.1.0) lib/active_support/tagged_logging.rb:68:in `tagged'
  railties (4.1.0) lib/rails/rack/logger.rb:20:in `call'
  actionpack (4.1.0) lib/action_dispatch/middleware/request_id.rb:21:in `call'
  rack (1.5.2) lib/rack/methodoverride.rb:21:in `call'
  rack (1.5.2) lib/rack/runtime.rb:17:in `call'
  activesupport (4.1.0) lib/active_support/cache/strategy/local_cache_middleware.rb:26:in `call'
  rack (1.5.2) lib/rack/lock.rb:17:in `call'
  actionpack (4.1.0) lib/action_dispatch/middleware/static.rb:64:in `call'
  rack (1.5.2) lib/rack/sendfile.rb:112:in `call'
  railties (4.1.0) lib/rails/engine.rb:514:in `call'
  railties (4.1.0) lib/rails/application.rb:144:in `call'
  rack (1.5.2) lib/rack/lock.rb:17:in `call'
  rack (1.5.2) lib/rack/content_length.rb:14:in `call'
  rack (1.5.2) lib/rack/handler/webrick.rb:60:in `service'
  /home/victor/.rvm/rubies/ruby-2.1.1/lib/ruby/2.1.0/webrick/httpserver.rb:138:in `service'
  /home/victor/.rvm/rubies/ruby-2.1.1/lib/ruby/2.1.0/webrick/httpserver.rb:94:in `run'
  /home/victor/.rvm/rubies/ruby-2.1.1/lib/ruby/2.1.0/webrick/server.rb:295:in `block in start_thread'


  Rendered /home/victor/.rvm/gems/ruby-2.1.1/gems/actionpack-4.1.0/lib/action_dispatch/middleware/templates/rescues/_trace.html.erb (1.9ms)
  Rendered /home/victor/.rvm/gems/ruby-2.1.1/gems/actionpack-4.1.0/lib/action_dispatch/middleware/templates/routes/_route.html.erb (1.3ms)
  Rendered /home/victor/.rvm/gems/ruby-2.1.1/gems/actionpack-4.1.0/lib/action_dispatch/middleware/templates/routes/_table.html.erb (1.3ms)
  Rendered /home/victor/.rvm/gems/ruby-2.1.1/gems/actionpack-4.1.0/lib/action_dispatch/middleware/templates/rescues/routing_error.html.erb within rescues/layout (19.4ms)
  [1m[36mActiveRecord::SchemaMigration Load (0.1ms)[0m  [1mSELECT "schema_migrations".* FROM "schema_migrations"[0m
  [1m[35mActiveRecord::SchemaMigration Load (0.1ms)[0m  SELECT "schema_migrations".* FROM "schema_migrations"
  [1m[36m (143.5ms)[0m  [1mCREATE TABLE "convenios" ("id" INTEGER PRIMARY KEY AUTOINCREMENT NOT NULL, "numeroconvenio" varchar(255), "uf" varchar(255), "codigosiafi" varchar(255), "nomemunicipio" varchar(255), "situacaoconvenio" varchar(255), "numerooriginal" varchar(255), "objetoconvenio" varchar(255), "codigoorgaosuperior" varchar(255), "nomeorgaosuperior" varchar(255), "codigoconcedente" varchar(255), "nomeconcedente" varchar(255), "codigoconvenente" varchar(255), "nomeconvenente" varchar(255), "tipoenteconvenente" varchar(255), "valorconvenio" varchar(255), "valorliberado" varchar(255), "datapublicacao" varchar(255), "datainiciovigencia" varchar(255), "datafimvigencia" varchar(255), "valorcontrapartida" varchar(255), "dataultimaliberacao" varchar(255), "valorultimaliberacao" varchar(255), "created_at" datetime, "updated_at" datetime) [0m
  [1m[35m (146.3ms)[0m  CREATE TABLE "usuarios" ("id" INTEGER PRIMARY KEY AUTOINCREMENT NOT NULL, "nome" varchar(255), "cpf" varchar(255), "email" varchar(255), "login" varchar(255), "senha" varchar(255), "created_at" datetime, "updated_at" datetime) 
  [1m[36m (172.3ms)[0m  [1mCREATE TABLE "schema_migrations" ("version" varchar(255) NOT NULL) [0m
  [1m[35m (0.1ms)[0m  select sqlite_version(*)
  [1m[36m (166.7ms)[0m  [1mCREATE UNIQUE INDEX "unique_schema_migrations" ON "schema_migrations" ("version")[0m
  [1m[35m (0.1ms)[0m  SELECT version FROM "schema_migrations"
  [1m[36m (337.5ms)[0m  [1mINSERT INTO "schema_migrations" (version) VALUES ('20140426005228')[0m
  [1m[35m (185.3ms)[0m  INSERT INTO "schema_migrations" (version) VALUES ('20140419182234')
  [1m[36mActiveRecord::SchemaMigration Load (0.1ms)[0m  [1mSELECT "schema_migrations".* FROM "schema_migrations"[0m


Started GET "/usuarios/new" for 127.0.0.1 at 2014-04-25 22:41:51 -0300
  [1m[36mActiveRecord::SchemaMigration Load (0.2ms)[0m  [1mSELECT "schema_migrations".* FROM "schema_migrations"[0m
Processing by UsuariosController#new as HTML
Completed 404 Not Found in 25ms

ActiveRecord::RecordNotFound (Couldn't find Usuario without an ID):
  app/controllers/usuarios_controller.rb:24:in `set_usuario'


  Rendered /home/victor/.rvm/gems/ruby-2.1.1/gems/actionpack-4.1.0/lib/action_dispatch/middleware/templates/rescues/_source.erb (0.7ms)
  Rendered /home/victor/.rvm/gems/ruby-2.1.1/gems/actionpack-4.1.0/lib/action_dispatch/middleware/templates/rescues/_trace.html.erb (1.1ms)
  Rendered /home/victor/.rvm/gems/ruby-2.1.1/gems/actionpack-4.1.0/lib/action_dispatch/middleware/templates/rescues/_request_and_response.html.erb (1.0ms)
  Rendered /home/victor/.rvm/gems/ruby-2.1.1/gems/actionpack-4.1.0/lib/action_dispatch/middleware/templates/rescues/diagnostics.erb within rescues/layout (15.2ms)


Started GET "/usuarios/new" for 127.0.0.1 at 2014-04-25 22:45:33 -0300
  [1m[36mActiveRecord::SchemaMigration Load (0.1ms)[0m  [1mSELECT "schema_migrations".* FROM "schema_migrations"[0m
Processing by UsuariosController#new as HTML
  Rendered usuarios/_form.html.erb (80.1ms)
  Rendered usuarios/new.html.erb within layouts/application (83.2ms)
Completed 200 OK in 441ms (Views: 421.5ms | ActiveRecord: 0.4ms)


Started GET "/assets/convenios.css?body=1" for 127.0.0.1 at 2014-04-25 22:45:33 -0300


Started GET "/assets/usuario.css?body=1" for 127.0.0.1 at 2014-04-25 22:45:33 -0300


Started GET "/assets/convenios.js?body=1" for 127.0.0.1 at 2014-04-25 22:45:33 -0300


Started GET "/assets/usuario.js?body=1" for 127.0.0.1 at 2014-04-25 22:45:33 -0300


Started GET "/assets/application.css?body=1" for 127.0.0.1 at 2014-04-25 22:45:33 -0300


Started GET "/assets/jquery.js?body=1" for 127.0.0.1 at 2014-04-25 22:45:33 -0300


Started GET "/assets/jquery_ujs.js?body=1" for 127.0.0.1 at 2014-04-25 22:45:33 -0300


Started GET "/assets/turbolinks.js?body=1" for 127.0.0.1 at 2014-04-25 22:45:33 -0300


Started GET "/assets/application.js?body=1" for 127.0.0.1 at 2014-04-25 22:45:33 -0300


Started POST "/usuarios" for 127.0.0.1 at 2014-04-25 22:46:06 -0300
Processing by UsuariosController#create as HTML
  Parameters: {"utf8"=>"✓", "authenticity_token"=>"CZBRcLEGFmojXRdRAI0ZgMZw+UVMbob8QQGq5+bfsGM=", "usuario"=>{"nome"=>"Victor", "cpf"=>"12345678900", "email"=>"huehuehu@heuhue.hue", "login"=>"abcd", "senha"=>"1234"}, "commit"=>"Create Usuario"}
Completed 500 Internal Server Error in 3ms

ActionView::MissingTemplate (Missing template usuarios/create, application/create with {:locale=>[:en], :formats=>[:html], :variants=>[], :handlers=>[:erb, :builder, :raw, :ruby, :jbuilder, :coffee]}. Searched in:
  * "/home/victor/UnB/5º Semestre/MDS/To_de_Olho/app/views"
):
  actionview (4.1.0) lib/action_view/path_set.rb:46:in `find'
  actionview (4.1.0) lib/action_view/lookup_context.rb:124:in `find'
  actionview (4.1.0) lib/action_view/renderer/abstract_renderer.rb:18:in `find_template'
  actionview (4.1.0) lib/action_view/renderer/template_renderer.rb:41:in `determine_template'
  actionview (4.1.0) lib/action_view/renderer/template_renderer.rb:8:in `render'
  actionview (4.1.0) lib/action_view/renderer/renderer.rb:42:in `render_template'
  actionview (4.1.0) lib/action_view/renderer/renderer.rb:23:in `render'
  actionview (4.1.0) lib/action_view/rendering.rb:99:in `_render_template'
  actionpack (4.1.0) lib/action_controller/metal/streaming.rb:217:in `_render_template'
  actionview (4.1.0) lib/action_view/rendering.rb:82:in `render_to_body'
  actionpack (4.1.0) lib/action_controller/metal/rendering.rb:32:in `render_to_body'
  actionpack (4.1.0) lib/action_controller/metal/renderers.rb:32:in `render_to_body'
  actionpack (4.1.0) lib/abstract_controller/rendering.rb:25:in `render'
  actionpack (4.1.0) lib/action_controller/metal/rendering.rb:16:in `render'
  actionpack (4.1.0) lib/action_controller/metal/instrumentation.rb:41:in `block (2 levels) in render'
  activesupport (4.1.0) lib/active_support/core_ext/benchmark.rb:12:in `block in ms'
  /home/victor/.rvm/rubies/ruby-2.1.1/lib/ruby/2.1.0/benchmark.rb:294:in `realtime'
  activesupport (4.1.0) lib/active_support/core_ext/benchmark.rb:12:in `ms'
  actionpack (4.1.0) lib/action_controller/metal/instrumentation.rb:41:in `block in render'
  actionpack (4.1.0) lib/action_controller/metal/instrumentation.rb:84:in `cleanup_view_runtime'
  activerecord (4.1.0) lib/active_record/railties/controller_runtime.rb:25:in `cleanup_view_runtime'
  actionpack (4.1.0) lib/action_controller/metal/instrumentation.rb:40:in `render'
  actionpack (4.1.0) lib/action_controller/metal/implicit_render.rb:10:in `default_render'
  actionpack (4.1.0) lib/action_controller/metal/implicit_render.rb:5:in `send_action'
  actionpack (4.1.0) lib/abstract_controller/base.rb:189:in `process_action'
  actionpack (4.1.0) lib/action_controller/metal/rendering.rb:10:in `process_action'
  actionpack (4.1.0) lib/abstract_controller/callbacks.rb:20:in `block in process_action'
  activesupport (4.1.0) lib/active_support/callbacks.rb:113:in `call'
  activesupport (4.1.0) lib/active_support/callbacks.rb:113:in `call'
  activesupport (4.1.0) lib/active_support/callbacks.rb:149:in `block in halting_and_conditional'
  activesupport (4.1.0) lib/active_support/callbacks.rb:229:in `call'
  activesupport (4.1.0) lib/active_support/callbacks.rb:229:in `block in halting'
  activesupport (4.1.0) lib/active_support/callbacks.rb:229:in `call'
  activesupport (4.1.0) lib/active_support/callbacks.rb:229:in `block in halting'
  activesupport (4.1.0) lib/active_support/callbacks.rb:166:in `call'
  activesupport (4.1.0) lib/active_support/callbacks.rb:166:in `block in halting'
  activesupport (4.1.0) lib/active_support/callbacks.rb:166:in `call'
  activesupport (4.1.0) lib/active_support/callbacks.rb:166:in `block in halting'
  activesupport (4.1.0) lib/active_support/callbacks.rb:166:in `call'
  activesupport (4.1.0) lib/active_support/callbacks.rb:166:in `block in halting'
  activesupport (4.1.0) lib/active_support/callbacks.rb:86:in `call'
  activesupport (4.1.0) lib/active_support/callbacks.rb:86:in `run_callbacks'
  actionpack (4.1.0) lib/abstract_controller/callbacks.rb:19:in `process_action'
  actionpack (4.1.0) lib/action_controller/metal/rescue.rb:29:in `process_action'
  actionpack (4.1.0) lib/action_controller/metal/instrumentation.rb:31:in `block in process_action'
  activesupport (4.1.0) lib/active_support/notifications.rb:159:in `block in instrument'
  activesupport (4.1.0) lib/active_support/notifications/instrumenter.rb:20:in `instrument'
  activesupport (4.1.0) lib/active_support/notifications.rb:159:in `instrument'
  actionpack (4.1.0) lib/action_controller/metal/instrumentation.rb:30:in `process_action'
  actionpack (4.1.0) lib/action_controller/metal/params_wrapper.rb:250:in `process_action'
  activerecord (4.1.0) lib/active_record/railties/controller_runtime.rb:18:in `process_action'
  actionpack (4.1.0) lib/abstract_controller/base.rb:136:in `process'
  actionview (4.1.0) lib/action_view/rendering.rb:30:in `process'
  actionpack (4.1.0) lib/action_controller/metal.rb:195:in `dispatch'
  actionpack (4.1.0) lib/action_controller/metal/rack_delegation.rb:13:in `dispatch'
  actionpack (4.1.0) lib/action_controller/metal.rb:231:in `block in action'
  actionpack (4.1.0) lib/action_dispatch/routing/route_set.rb:80:in `call'
  actionpack (4.1.0) lib/action_dispatch/routing/route_set.rb:80:in `dispatch'
  actionpack (4.1.0) lib/action_dispatch/routing/route_set.rb:48:in `call'
  actionpack (4.1.0) lib/action_dispatch/journey/router.rb:71:in `block in call'
  actionpack (4.1.0) lib/action_dispatch/journey/router.rb:59:in `each'
  actionpack (4.1.0) lib/action_dispatch/journey/router.rb:59:in `call'
  actionpack (4.1.0) lib/action_dispatch/routing/route_set.rb:676:in `call'
  rack (1.5.2) lib/rack/etag.rb:23:in `call'
  rack (1.5.2) lib/rack/conditionalget.rb:35:in `call'
  rack (1.5.2) lib/rack/head.rb:11:in `call'
  actionpack (4.1.0) lib/action_dispatch/middleware/params_parser.rb:27:in `call'
  actionpack (4.1.0) lib/action_dispatch/middleware/flash.rb:254:in `call'
  rack (1.5.2) lib/rack/session/abstract/id.rb:225:in `context'
  rack (1.5.2) lib/rack/session/abstract/id.rb:220:in `call'
  actionpack (4.1.0) lib/action_dispatch/middleware/cookies.rb:560:in `call'
  activerecord (4.1.0) lib/active_record/query_cache.rb:36:in `call'
  activerecord (4.1.0) lib/active_record/connection_adapters/abstract/connection_pool.rb:621:in `call'
  activerecord (4.1.0) lib/active_record/migration.rb:380:in `call'
  actionpack (4.1.0) lib/action_dispatch/middleware/callbacks.rb:29:in `block in call'
  activesupport (4.1.0) lib/active_support/callbacks.rb:82:in `run_callbacks'
  actionpack (4.1.0) lib/action_dispatch/middleware/callbacks.rb:27:in `call'
  actionpack (4.1.0) lib/action_dispatch/middleware/reloader.rb:73:in `call'
  actionpack (4.1.0) lib/action_dispatch/middleware/remote_ip.rb:76:in `call'
  actionpack (4.1.0) lib/action_dispatch/middleware/debug_exceptions.rb:17:in `call'
  actionpack (4.1.0) lib/action_dispatch/middleware/show_exceptions.rb:30:in `call'
  railties (4.1.0) lib/rails/rack/logger.rb:38:in `call_app'
  railties (4.1.0) lib/rails/rack/logger.rb:20:in `block in call'
  activesupport (4.1.0) lib/active_support/tagged_logging.rb:68:in `block in tagged'
  activesupport (4.1.0) lib/active_support/tagged_logging.rb:26:in `tagged'
  activesupport (4.1.0) lib/active_support/tagged_logging.rb:68:in `tagged'
  railties (4.1.0) lib/rails/rack/logger.rb:20:in `call'
  actionpack (4.1.0) lib/action_dispatch/middleware/request_id.rb:21:in `call'
  rack (1.5.2) lib/rack/methodoverride.rb:21:in `call'
  rack (1.5.2) lib/rack/runtime.rb:17:in `call'
  activesupport (4.1.0) lib/active_support/cache/strategy/local_cache_middleware.rb:26:in `call'
  rack (1.5.2) lib/rack/lock.rb:17:in `call'
  actionpack (4.1.0) lib/action_dispatch/middleware/static.rb:64:in `call'
  rack (1.5.2) lib/rack/sendfile.rb:112:in `call'
  railties (4.1.0) lib/rails/engine.rb:514:in `call'
  railties (4.1.0) lib/rails/application.rb:144:in `call'
  rack (1.5.2) lib/rack/lock.rb:17:in `call'
  rack (1.5.2) lib/rack/content_length.rb:14:in `call'
  rack (1.5.2) lib/rack/handler/webrick.rb:60:in `service'
  /home/victor/.rvm/rubies/ruby-2.1.1/lib/ruby/2.1.0/webrick/httpserver.rb:138:in `service'
  /home/victor/.rvm/rubies/ruby-2.1.1/lib/ruby/2.1.0/webrick/httpserver.rb:94:in `run'
  /home/victor/.rvm/rubies/ruby-2.1.1/lib/ruby/2.1.0/webrick/server.rb:295:in `block in start_thread'


  Rendered /home/victor/.rvm/gems/ruby-2.1.1/gems/actionpack-4.1.0/lib/action_dispatch/middleware/templates/rescues/missing_template.html.erb within rescues/layout (0.6ms)


Started GET "/usuarios/new" for 127.0.0.1 at 2014-04-25 22:49:55 -0300
  [1m[36mActiveRecord::SchemaMigration Load (0.1ms)[0m  [1mSELECT "schema_migrations".* FROM "schema_migrations"[0m
Processing by UsuariosController#new as HTML
  Rendered usuarios/_form.html.erb (47.8ms)
  Rendered usuarios/new.html.erb within layouts/application (52.0ms)
Completed 200 OK in 103ms (Views: 83.7ms | ActiveRecord: 0.3ms)


Started GET "/assets/usuario.css?body=1" for 127.0.0.1 at 2014-04-25 22:49:56 -0300


Started GET "/assets/application.css?body=1" for 127.0.0.1 at 2014-04-25 22:49:56 -0300


Started GET "/assets/usuario.js?body=1" for 127.0.0.1 at 2014-04-25 22:49:56 -0300


Started GET "/assets/jquery_ujs.js?body=1" for 127.0.0.1 at 2014-04-25 22:49:56 -0300


Started GET "/assets/turbolinks.js?body=1" for 127.0.0.1 at 2014-04-25 22:49:56 -0300


Started GET "/assets/jquery.js?body=1" for 127.0.0.1 at 2014-04-25 22:49:56 -0300


Started GET "/assets/application.js?body=1" for 127.0.0.1 at 2014-04-25 22:49:56 -0300


Started POST "/usuarios" for 127.0.0.1 at 2014-04-25 22:50:03 -0300
Processing by UsuariosController#create as HTML
  Parameters: {"utf8"=>"✓", "authenticity_token"=>"CZBRcLEGFmojXRdRAI0ZgMZw+UVMbob8QQGq5+bfsGM=", "usuario"=>{"nome"=>"a", "cpf"=>"12345678900", "email"=>"a", "login"=>"a", "senha"=>"a"}, "commit"=>"Create Usuario"}
  [1m[35m (0.1ms)[0m  begin transaction
  [1m[36mUsuario Exists (0.1ms)[0m  [1mSELECT  1 AS one FROM "usuarios"  WHERE "usuarios"."cpf" = '12345678900' LIMIT 1[0m
  [1m[35mSQL (0.3ms)[0m  INSERT INTO "usuarios" ("cpf", "created_at", "email", "login", "nome", "senha", "updated_at") VALUES (?, ?, ?, ?, ?, ?, ?)  [["cpf", "12345678900"], ["created_at", "2014-04-26 01:50:03.280341"], ["email", "a"], ["login", "a"], ["nome", "a"], ["senha", "a"], ["updated_at", "2014-04-26 01:50:03.280341"]]
  [1m[36m (184.8ms)[0m  [1mcommit transaction[0m
Redirected to http://localhost:3000/usuarios/1
Completed 302 Found in 442ms (ActiveRecord: 185.4ms)


Started GET "/usuarios/1" for 127.0.0.1 at 2014-04-25 22:50:03 -0300
Processing by UsuariosController#show as HTML
  Parameters: {"id"=>"1"}
  [1m[35mUsuario Load (0.2ms)[0m  SELECT  "usuarios".* FROM "usuarios"  WHERE "usuarios"."id" = ? LIMIT 1  [["id", 1]]
Completed 500 Internal Server Error in 4ms

ActionView::MissingTemplate (Missing template usuarios/show, application/show with {:locale=>[:en], :formats=>[:html], :variants=>[], :handlers=>[:erb, :builder, :raw, :ruby, :jbuilder, :coffee]}. Searched in:
  * "/home/victor/UnB/5º Semestre/MDS/To_de_Olho/app/views"
):
  actionview (4.1.0) lib/action_view/path_set.rb:46:in `find'
  actionview (4.1.0) lib/action_view/lookup_context.rb:124:in `find'
  actionview (4.1.0) lib/action_view/renderer/abstract_renderer.rb:18:in `find_template'
  actionview (4.1.0) lib/action_view/renderer/template_renderer.rb:41:in `determine_template'
  actionview (4.1.0) lib/action_view/renderer/template_renderer.rb:8:in `render'
  actionview (4.1.0) lib/action_view/renderer/renderer.rb:42:in `render_template'
  actionview (4.1.0) lib/action_view/renderer/renderer.rb:23:in `render'
  actionview (4.1.0) lib/action_view/rendering.rb:99:in `_render_template'
  actionpack (4.1.0) lib/action_controller/metal/streaming.rb:217:in `_render_template'
  actionview (4.1.0) lib/action_view/rendering.rb:82:in `render_to_body'
  actionpack (4.1.0) lib/action_controller/metal/rendering.rb:32:in `render_to_body'
  actionpack (4.1.0) lib/action_controller/metal/renderers.rb:32:in `render_to_body'
  actionpack (4.1.0) lib/abstract_controller/rendering.rb:25:in `render'
  actionpack (4.1.0) lib/action_controller/metal/rendering.rb:16:in `render'
  actionpack (4.1.0) lib/action_controller/metal/instrumentation.rb:41:in `block (2 levels) in render'
  activesupport (4.1.0) lib/active_support/core_ext/benchmark.rb:12:in `block in ms'
  /home/victor/.rvm/rubies/ruby-2.1.1/lib/ruby/2.1.0/benchmark.rb:294:in `realtime'
  activesupport (4.1.0) lib/active_support/core_ext/benchmark.rb:12:in `ms'
  actionpack (4.1.0) lib/action_controller/metal/instrumentation.rb:41:in `block in render'
  actionpack (4.1.0) lib/action_controller/metal/instrumentation.rb:84:in `cleanup_view_runtime'
  activerecord (4.1.0) lib/active_record/railties/controller_runtime.rb:25:in `cleanup_view_runtime'
  actionpack (4.1.0) lib/action_controller/metal/instrumentation.rb:40:in `render'
  actionpack (4.1.0) lib/action_controller/metal/implicit_render.rb:10:in `default_render'
  actionpack (4.1.0) lib/action_controller/metal/implicit_render.rb:5:in `send_action'
  actionpack (4.1.0) lib/abstract_controller/base.rb:189:in `process_action'
  actionpack (4.1.0) lib/action_controller/metal/rendering.rb:10:in `process_action'
  actionpack (4.1.0) lib/abstract_controller/callbacks.rb:20:in `block in process_action'
  activesupport (4.1.0) lib/active_support/callbacks.rb:113:in `call'
  activesupport (4.1.0) lib/active_support/callbacks.rb:113:in `call'
  activesupport (4.1.0) lib/active_support/callbacks.rb:149:in `block in halting_and_conditional'
  activesupport (4.1.0) lib/active_support/callbacks.rb:229:in `call'
  activesupport (4.1.0) lib/active_support/callbacks.rb:229:in `block in halting'
  activesupport (4.1.0) lib/active_support/callbacks.rb:229:in `call'
  activesupport (4.1.0) lib/active_support/callbacks.rb:229:in `block in halting'
  activesupport (4.1.0) lib/active_support/callbacks.rb:166:in `call'
  activesupport (4.1.0) lib/active_support/callbacks.rb:166:in `block in halting'
  activesupport (4.1.0) lib/active_support/callbacks.rb:166:in `call'
  activesupport (4.1.0) lib/active_support/callbacks.rb:166:in `block in halting'
  activesupport (4.1.0) lib/active_support/callbacks.rb:166:in `call'
  activesupport (4.1.0) lib/active_support/callbacks.rb:166:in `block in halting'
  activesupport (4.1.0) lib/active_support/callbacks.rb:86:in `call'
  activesupport (4.1.0) lib/active_support/callbacks.rb:86:in `run_callbacks'
  actionpack (4.1.0) lib/abstract_controller/callbacks.rb:19:in `process_action'
  actionpack (4.1.0) lib/action_controller/metal/rescue.rb:29:in `process_action'
  actionpack (4.1.0) lib/action_controller/metal/instrumentation.rb:31:in `block in process_action'
  activesupport (4.1.0) lib/active_support/notifications.rb:159:in `block in instrument'
  activesupport (4.1.0) lib/active_support/notifications/instrumenter.rb:20:in `instrument'
  activesupport (4.1.0) lib/active_support/notifications.rb:159:in `instrument'
  actionpack (4.1.0) lib/action_controller/metal/instrumentation.rb:30:in `process_action'
  actionpack (4.1.0) lib/action_controller/metal/params_wrapper.rb:250:in `process_action'
  activerecord (4.1.0) lib/active_record/railties/controller_runtime.rb:18:in `process_action'
  actionpack (4.1.0) lib/abstract_controller/base.rb:136:in `process'
  actionview (4.1.0) lib/action_view/rendering.rb:30:in `process'
  actionpack (4.1.0) lib/action_controller/metal.rb:195:in `dispatch'
  actionpack (4.1.0) lib/action_controller/metal/rack_delegation.rb:13:in `dispatch'
  actionpack (4.1.0) lib/action_controller/metal.rb:231:in `block in action'
  actionpack (4.1.0) lib/action_dispatch/routing/route_set.rb:80:in `call'
  actionpack (4.1.0) lib/action_dispatch/routing/route_set.rb:80:in `dispatch'
  actionpack (4.1.0) lib/action_dispatch/routing/route_set.rb:48:in `call'
  actionpack (4.1.0) lib/action_dispatch/journey/router.rb:71:in `block in call'
  actionpack (4.1.0) lib/action_dispatch/journey/router.rb:59:in `each'
  actionpack (4.1.0) lib/action_dispatch/journey/router.rb:59:in `call'
  actionpack (4.1.0) lib/action_dispatch/routing/route_set.rb:676:in `call'
  rack (1.5.2) lib/rack/etag.rb:23:in `call'
  rack (1.5.2) lib/rack/conditionalget.rb:25:in `call'
  rack (1.5.2) lib/rack/head.rb:11:in `call'
  actionpack (4.1.0) lib/action_dispatch/middleware/params_parser.rb:27:in `call'
  actionpack (4.1.0) lib/action_dispatch/middleware/flash.rb:254:in `call'
  rack (1.5.2) lib/rack/session/abstract/id.rb:225:in `context'
  rack (1.5.2) lib/rack/session/abstract/id.rb:220:in `call'
  actionpack (4.1.0) lib/action_dispatch/middleware/cookies.rb:560:in `call'
  activerecord (4.1.0) lib/active_record/query_cache.rb:36:in `call'
  activerecord (4.1.0) lib/active_record/connection_adapters/abstract/connection_pool.rb:621:in `call'
  activerecord (4.1.0) lib/active_record/migration.rb:380:in `call'
  actionpack (4.1.0) lib/action_dispatch/middleware/callbacks.rb:29:in `block in call'
  activesupport (4.1.0) lib/active_support/callbacks.rb:82:in `run_callbacks'
  actionpack (4.1.0) lib/action_dispatch/middleware/callbacks.rb:27:in `call'
  actionpack (4.1.0) lib/action_dispatch/middleware/reloader.rb:73:in `call'
  actionpack (4.1.0) lib/action_dispatch/middleware/remote_ip.rb:76:in `call'
  actionpack (4.1.0) lib/action_dispatch/middleware/debug_exceptions.rb:17:in `call'
  actionpack (4.1.0) lib/action_dispatch/middleware/show_exceptions.rb:30:in `call'
  railties (4.1.0) lib/rails/rack/logger.rb:38:in `call_app'
  railties (4.1.0) lib/rails/rack/logger.rb:20:in `block in call'
  activesupport (4.1.0) lib/active_support/tagged_logging.rb:68:in `block in tagged'
  activesupport (4.1.0) lib/active_support/tagged_logging.rb:26:in `tagged'
  activesupport (4.1.0) lib/active_support/tagged_logging.rb:68:in `tagged'
  railties (4.1.0) lib/rails/rack/logger.rb:20:in `call'
  actionpack (4.1.0) lib/action_dispatch/middleware/request_id.rb:21:in `call'
  rack (1.5.2) lib/rack/methodoverride.rb:21:in `call'
  rack (1.5.2) lib/rack/runtime.rb:17:in `call'
  activesupport (4.1.0) lib/active_support/cache/strategy/local_cache_middleware.rb:26:in `call'
  rack (1.5.2) lib/rack/lock.rb:17:in `call'
  actionpack (4.1.0) lib/action_dispatch/middleware/static.rb:64:in `call'
  rack (1.5.2) lib/rack/sendfile.rb:112:in `call'
  railties (4.1.0) lib/rails/engine.rb:514:in `call'
  railties (4.1.0) lib/rails/application.rb:144:in `call'
  rack (1.5.2) lib/rack/lock.rb:17:in `call'
  rack (1.5.2) lib/rack/content_length.rb:14:in `call'
  rack (1.5.2) lib/rack/handler/webrick.rb:60:in `service'
  /home/victor/.rvm/rubies/ruby-2.1.1/lib/ruby/2.1.0/webrick/httpserver.rb:138:in `service'
  /home/victor/.rvm/rubies/ruby-2.1.1/lib/ruby/2.1.0/webrick/httpserver.rb:94:in `run'
  /home/victor/.rvm/rubies/ruby-2.1.1/lib/ruby/2.1.0/webrick/server.rb:295:in `block in start_thread'


  Rendered /home/victor/.rvm/gems/ruby-2.1.1/gems/actionpack-4.1.0/lib/action_dispatch/middleware/templates/rescues/missing_template.html.erb within rescues/layout (0.4ms)


Started POST "/usuarios" for 127.0.0.1 at 2014-04-25 22:51:00 -0300
  [1m[36mActiveRecord::SchemaMigration Load (0.1ms)[0m  [1mSELECT "schema_migrations".* FROM "schema_migrations"[0m
Processing by UsuariosController#create as HTML
  Parameters: {"utf8"=>"✓", "authenticity_token"=>"CZBRcLEGFmojXRdRAI0ZgMZw+UVMbob8QQGq5+bfsGM=", "usuario"=>{"nome"=>"a", "cpf"=>"12345678900", "email"=>"a", "login"=>"a", "senha"=>"a"}, "commit"=>"Create Usuario"}
  [1m[35m (0.1ms)[0m  begin transaction
  [1m[36mUsuario Exists (0.2ms)[0m  [1mSELECT  1 AS one FROM "usuarios"  WHERE "usuarios"."cpf" = '12345678900' LIMIT 1[0m
  [1m[35m (0.1ms)[0m  rollback transaction
  Rendered usuarios/_form.html.erb (35.3ms)
  Rendered usuarios/new.html.erb within layouts/application (38.5ms)
Completed 200 OK in 123ms (Views: 74.6ms | ActiveRecord: 0.7ms)


Started GET "/assets/usuario.css?body=1" for 127.0.0.1 at 2014-04-25 22:51:01 -0300


Started GET "/assets/turbolinks.js?body=1" for 127.0.0.1 at 2014-04-25 22:51:01 -0300


Started GET "/assets/jquery_ujs.js?body=1" for 127.0.0.1 at 2014-04-25 22:51:01 -0300


Started GET "/assets/usuario.js?body=1" for 127.0.0.1 at 2014-04-25 22:51:01 -0300


Started GET "/assets/jquery.js?body=1" for 127.0.0.1 at 2014-04-25 22:51:01 -0300


Started GET "/assets/application.css?body=1" for 127.0.0.1 at 2014-04-25 22:51:01 -0300


Started GET "/assets/application.js?body=1" for 127.0.0.1 at 2014-04-25 22:51:01 -0300


Started POST "/usuarios" for 127.0.0.1 at 2014-04-25 22:51:09 -0300
Processing by UsuariosController#create as HTML
  Parameters: {"utf8"=>"✓", "authenticity_token"=>"CZBRcLEGFmojXRdRAI0ZgMZw+UVMbob8QQGq5+bfsGM=", "usuario"=>{"nome"=>"a", "cpf"=>"12345678911", "email"=>"a", "login"=>"a", "senha"=>"a"}, "commit"=>"Create Usuario"}
  [1m[36m (0.1ms)[0m  [1mbegin transaction[0m
  [1m[35mUsuario Exists (0.2ms)[0m  SELECT  1 AS one FROM "usuarios"  WHERE "usuarios"."cpf" = '12345678911' LIMIT 1
  [1m[36mSQL (0.4ms)[0m  [1mINSERT INTO "usuarios" ("cpf", "created_at", "email", "login", "nome", "senha", "updated_at") VALUES (?, ?, ?, ?, ?, ?, ?)[0m  [["cpf", "12345678911"], ["created_at", "2014-04-26 01:51:09.147657"], ["email", "a"], ["login", "a"], ["nome", "a"], ["senha", "a"], ["updated_at", "2014-04-26 01:51:09.147657"]]
  [1m[35m (511.9ms)[0m  commit transaction
Completed 500 Internal Server Error in 523ms

NameError (undefined local variable or method `new_usuarios_path' for #<UsuariosController:0x0000000473c568>):
  app/controllers/usuarios_controller.rb:17:in `block (2 levels) in create'
  app/controllers/usuarios_controller.rb:15:in `create'


  Rendered /home/victor/.rvm/gems/ruby-2.1.1/gems/actionpack-4.1.0/lib/action_dispatch/middleware/templates/rescues/_source.erb (0.7ms)
  Rendered /home/victor/.rvm/gems/ruby-2.1.1/gems/actionpack-4.1.0/lib/action_dispatch/middleware/templates/rescues/_trace.html.erb (1.2ms)
  Rendered /home/victor/.rvm/gems/ruby-2.1.1/gems/actionpack-4.1.0/lib/action_dispatch/middleware/templates/rescues/_request_and_response.html.erb (1.0ms)
  Rendered /home/victor/.rvm/gems/ruby-2.1.1/gems/actionpack-4.1.0/lib/action_dispatch/middleware/templates/rescues/diagnostics.erb within rescues/layout (15.2ms)


Started GET "/usuarios/new" for 127.0.0.1 at 2014-04-25 22:52:47 -0300
  [1m[36mActiveRecord::SchemaMigration Load (0.1ms)[0m  [1mSELECT "schema_migrations".* FROM "schema_migrations"[0m
Processing by UsuariosController#new as HTML
  Rendered usuarios/_form.html.erb (48.6ms)
  Rendered usuarios/new.html.erb within layouts/application (51.4ms)
Completed 200 OK in 103ms (Views: 82.5ms | ActiveRecord: 0.3ms)


Started GET "/assets/usuario.css?body=1" for 127.0.0.1 at 2014-04-25 22:52:48 -0300


Started GET "/assets/jquery_ujs.js?body=1" for 127.0.0.1 at 2014-04-25 22:52:48 -0300


Started GET "/assets/turbolinks.js?body=1" for 127.0.0.1 at 2014-04-25 22:52:48 -0300


Started GET "/assets/application.css?body=1" for 127.0.0.1 at 2014-04-25 22:52:48 -0300


Started GET "/assets/usuario.js?body=1" for 127.0.0.1 at 2014-04-25 22:52:48 -0300


Started GET "/assets/jquery.js?body=1" for 127.0.0.1 at 2014-04-25 22:52:48 -0300


Started GET "/assets/application.js?body=1" for 127.0.0.1 at 2014-04-25 22:52:48 -0300


Started POST "/usuarios" for 127.0.0.1 at 2014-04-25 22:52:57 -0300
Processing by UsuariosController#create as HTML
  Parameters: {"utf8"=>"✓", "authenticity_token"=>"CZBRcLEGFmojXRdRAI0ZgMZw+UVMbob8QQGq5+bfsGM=", "usuario"=>{"nome"=>"a", "cpf"=>"12345678911", "email"=>"a", "login"=>"a", "senha"=>"a"}, "commit"=>"Create Usuario"}
  [1m[35m (0.1ms)[0m  begin transaction
  [1m[36mUsuario Exists (0.2ms)[0m  [1mSELECT  1 AS one FROM "usuarios"  WHERE "usuarios"."cpf" = '12345678911' LIMIT 1[0m
  [1m[35m (0.1ms)[0m  rollback transaction
  Rendered usuarios/_form.html.erb (31.2ms)
  Rendered usuarios/new.html.erb within layouts/application (31.8ms)
Completed 200 OK in 49ms (Views: 35.6ms | ActiveRecord: 0.4ms)


Started GET "/assets/usuario.css?body=1" for 127.0.0.1 at 2014-04-25 22:52:57 -0300


Started GET "/assets/jquery_ujs.js?body=1" for 127.0.0.1 at 2014-04-25 22:52:57 -0300


Started GET "/assets/turbolinks.js?body=1" for 127.0.0.1 at 2014-04-25 22:52:57 -0300


Started GET "/assets/jquery.js?body=1" for 127.0.0.1 at 2014-04-25 22:52:57 -0300


Started GET "/assets/usuario.js?body=1" for 127.0.0.1 at 2014-04-25 22:52:57 -0300


Started GET "/assets/application.css?body=1" for 127.0.0.1 at 2014-04-25 22:52:57 -0300


Started GET "/assets/application.js?body=1" for 127.0.0.1 at 2014-04-25 22:52:57 -0300


Started POST "/usuarios" for 127.0.0.1 at 2014-04-25 22:53:04 -0300
Processing by UsuariosController#create as HTML
  Parameters: {"utf8"=>"✓", "authenticity_token"=>"CZBRcLEGFmojXRdRAI0ZgMZw+UVMbob8QQGq5+bfsGM=", "usuario"=>{"nome"=>"a", "cpf"=>"12345678912", "email"=>"a", "login"=>"a", "senha"=>"a"}, "commit"=>"Create Usuario"}
  [1m[36m (0.1ms)[0m  [1mbegin transaction[0m
  [1m[35mUsuario Exists (0.1ms)[0m  SELECT  1 AS one FROM "usuarios"  WHERE "usuarios"."cpf" = '12345678912' LIMIT 1
  [1m[36mSQL (0.3ms)[0m  [1mINSERT INTO "usuarios" ("cpf", "created_at", "email", "login", "nome", "senha", "updated_at") VALUES (?, ?, ?, ?, ?, ?, ?)[0m  [["cpf", "12345678912"], ["created_at", "2014-04-26 01:53:04.433031"], ["email", "a"], ["login", "a"], ["nome", "a"], ["senha", "a"], ["updated_at", "2014-04-26 01:53:04.433031"]]
  [1m[35m (312.6ms)[0m  commit transaction
Redirected to http://localhost:3000/usuarios/new
Completed 302 Found in 320ms (ActiveRecord: 313.2ms)


Started GET "/usuarios/new" for 127.0.0.1 at 2014-04-25 22:53:04 -0300
Processing by UsuariosController#new as HTML
  Rendered usuarios/_form.html.erb (7.8ms)
  Rendered usuarios/new.html.erb within layouts/application (8.4ms)
Completed 200 OK in 13ms (Views: 12.3ms | ActiveRecord: 0.0ms)


Started GET "/assets/usuario.css?body=1" for 127.0.0.1 at 2014-04-25 22:53:04 -0300


Started GET "/assets/application.css?body=1" for 127.0.0.1 at 2014-04-25 22:53:04 -0300


Started GET "/assets/usuario.js?body=1" for 127.0.0.1 at 2014-04-25 22:53:04 -0300


Started GET "/assets/jquery.js?body=1" for 127.0.0.1 at 2014-04-25 22:53:04 -0300


Started GET "/assets/turbolinks.js?body=1" for 127.0.0.1 at 2014-04-25 22:53:04 -0300


Started GET "/assets/jquery_ujs.js?body=1" for 127.0.0.1 at 2014-04-25 22:53:04 -0300


Started GET "/assets/application.js?body=1" for 127.0.0.1 at 2014-04-25 22:53:04 -0300


Started POST "/usuarios" for 127.0.0.1 at 2014-04-25 22:53:22 -0300
Processing by UsuariosController#create as HTML
  Parameters: {"utf8"=>"✓", "authenticity_token"=>"CZBRcLEGFmojXRdRAI0ZgMZw+UVMbob8QQGq5+bfsGM=", "usuario"=>{"nome"=>"assdaasd", "cpf"=>"asdasdasdss", "email"=>"as", "login"=>"asd", "senha"=>"asd"}, "commit"=>"Create Usuario"}
  [1m[36m (0.1ms)[0m  [1mbegin transaction[0m
  [1m[35mUsuario Exists (0.1ms)[0m  SELECT  1 AS one FROM "usuarios"  WHERE "usuarios"."cpf" = 'asdasdasdss' LIMIT 1
  [1m[36mSQL (0.2ms)[0m  [1mINSERT INTO "usuarios" ("cpf", "created_at", "email", "login", "nome", "senha", "updated_at") VALUES (?, ?, ?, ?, ?, ?, ?)[0m  [["cpf", "asdasdasdss"], ["created_at", "2014-04-26 01:53:22.017421"], ["email", "as"], ["login", "asd"], ["nome", "assdaasd"], ["senha", "asd"], ["updated_at", "2014-04-26 01:53:22.017421"]]
  [1m[35m (344.8ms)[0m  commit transaction
Redirected to http://localhost:3000/usuarios/new
Completed 302 Found in 351ms (ActiveRecord: 345.2ms)


Started GET "/usuarios/new" for 127.0.0.1 at 2014-04-25 22:53:22 -0300
Processing by UsuariosController#new as HTML
  Rendered usuarios/_form.html.erb (8.3ms)
  Rendered usuarios/new.html.erb within layouts/application (8.9ms)
Completed 200 OK in 13ms (Views: 12.4ms | ActiveRecord: 0.0ms)


Started GET "/assets/usuario.css?body=1" for 127.0.0.1 at 2014-04-25 22:53:22 -0300


Started GET "/assets/turbolinks.js?body=1" for 127.0.0.1 at 2014-04-25 22:53:22 -0300


Started GET "/assets/jquery_ujs.js?body=1" for 127.0.0.1 at 2014-04-25 22:53:22 -0300


Started GET "/assets/jquery.js?body=1" for 127.0.0.1 at 2014-04-25 22:53:22 -0300


Started GET "/assets/usuario.js?body=1" for 127.0.0.1 at 2014-04-25 22:53:22 -0300


Started GET "/assets/application.css?body=1" for 127.0.0.1 at 2014-04-25 22:53:22 -0300


Started GET "/assets/application.js?body=1" for 127.0.0.1 at 2014-04-25 22:53:22 -0300
  [1m[36mUsuario Load (1.8ms)[0m  [1mSELECT "usuarios".* FROM "usuarios"[0m
  [1m[35mUsuario Load (0.2ms)[0m  SELECT  "usuarios".* FROM "usuarios"  WHERE "usuarios"."id" = ? LIMIT 1  [["id", 1]]


Started GET "/usuarios/new" for 127.0.0.1 at 2014-04-25 20:14:15 -0700
  [1m[36mActiveRecord::SchemaMigration Load (0.1ms)[0m  [1mSELECT "schema_migrations".* FROM "schema_migrations"[0m
Processing by UsuariosController#new as HTML
  Rendered usuarios/_form.html.erb (169.6ms)
  Rendered usuarios/new.html.erb within layouts/application (201.0ms)
Completed 200 OK in 852ms (Views: 806.4ms | ActiveRecord: 3.3ms)


Started GET "/assets/convenios.css?body=1" for 127.0.0.1 at 2014-04-25 20:14:16 -0700


Started GET "/assets/usuario.css?body=1" for 127.0.0.1 at 2014-04-25 20:14:16 -0700


Started GET "/assets/application.css?body=1" for 127.0.0.1 at 2014-04-25 20:14:16 -0700


Started GET "/assets/jquery.js?body=1" for 127.0.0.1 at 2014-04-25 20:14:16 -0700


Started GET "/assets/jquery_ujs.js?body=1" for 127.0.0.1 at 2014-04-25 20:14:16 -0700


Started GET "/assets/turbolinks.js?body=1" for 127.0.0.1 at 2014-04-25 20:14:17 -0700


Started GET "/assets/convenios.js?body=1" for 127.0.0.1 at 2014-04-25 20:14:17 -0700


Started GET "/assets/usuario.js?body=1" for 127.0.0.1 at 2014-04-25 20:14:17 -0700


Started GET "/assets/application.js?body=1" for 127.0.0.1 at 2014-04-25 20:14:17 -0700


Started POST "/usuarios" for 127.0.0.1 at 2014-04-25 20:14:25 -0700
Processing by UsuariosController#create as HTML
  Parameters: {"utf8"=>"✓", "authenticity_token"=>"XmlJgP1GwvUEqrlaqh8FyAfvG48cDvo6ENoI4UdXNsg=", "usuario"=>{"nome"=>"asd", "cpf"=>"asd", "email"=>"asdf", "login"=>"asdf", "senha"=>""}, "commit"=>"Create Usuario"}
  [1m[35m (0.1ms)[0m  begin transaction
  [1m[36mUsuario Exists (0.2ms)[0m  [1mSELECT  1 AS one FROM "usuarios"  WHERE "usuarios"."cpf" = 'asd' LIMIT 1[0m
  [1m[35m (0.1ms)[0m  rollback transaction
  Rendered usuarios/_form.html.erb (13.3ms)
  Rendered usuarios/new.html.erb within layouts/application (14.1ms)
Completed 200 OK in 225ms (Views: 21.1ms | ActiveRecord: 0.4ms)


Started GET "/usuarios" for 127.0.0.1 at 2014-04-25 20:14:50 -0700
Processing by UsuariosController#index as HTML
Completed 500 Internal Server Error in 71ms

ActionView::MissingTemplate (Missing template usuarios/index, application/index with {:locale=>[:en], :formats=>[:html], :variants=>[], :handlers=>[:erb, :builder, :raw, :ruby, :jbuilder, :coffee]}. Searched in:
  * "/home/ricardo-linux/Desktop/git/To_de_Olho/app/views"
):
  actionview (4.1.0) lib/action_view/path_set.rb:46:in `find'
  actionview (4.1.0) lib/action_view/lookup_context.rb:124:in `find'
  actionview (4.1.0) lib/action_view/renderer/abstract_renderer.rb:18:in `find_template'
  actionview (4.1.0) lib/action_view/renderer/template_renderer.rb:41:in `determine_template'
  actionview (4.1.0) lib/action_view/renderer/template_renderer.rb:8:in `render'
  actionview (4.1.0) lib/action_view/renderer/renderer.rb:42:in `render_template'
  actionview (4.1.0) lib/action_view/renderer/renderer.rb:23:in `render'
  actionview (4.1.0) lib/action_view/rendering.rb:99:in `_render_template'
  actionpack (4.1.0) lib/action_controller/metal/streaming.rb:217:in `_render_template'
  actionview (4.1.0) lib/action_view/rendering.rb:82:in `render_to_body'
  actionpack (4.1.0) lib/action_controller/metal/rendering.rb:32:in `render_to_body'
  actionpack (4.1.0) lib/action_controller/metal/renderers.rb:32:in `render_to_body'
  actionpack (4.1.0) lib/abstract_controller/rendering.rb:25:in `render'
  actionpack (4.1.0) lib/action_controller/metal/rendering.rb:16:in `render'
  actionpack (4.1.0) lib/action_controller/metal/instrumentation.rb:41:in `block (2 levels) in render'
  activesupport (4.1.0) lib/active_support/core_ext/benchmark.rb:12:in `block in ms'
  /home/ricardo-linux/.rvm/rubies/ruby-2.1.1/lib/ruby/2.1.0/benchmark.rb:294:in `realtime'
  activesupport (4.1.0) lib/active_support/core_ext/benchmark.rb:12:in `ms'
  actionpack (4.1.0) lib/action_controller/metal/instrumentation.rb:41:in `block in render'
  actionpack (4.1.0) lib/action_controller/metal/instrumentation.rb:84:in `cleanup_view_runtime'
  activerecord (4.1.0) lib/active_record/railties/controller_runtime.rb:25:in `cleanup_view_runtime'
  actionpack (4.1.0) lib/action_controller/metal/instrumentation.rb:40:in `render'
  actionpack (4.1.0) lib/action_controller/metal/implicit_render.rb:10:in `default_render'
  actionpack (4.1.0) lib/action_controller/metal/implicit_render.rb:5:in `send_action'
  actionpack (4.1.0) lib/abstract_controller/base.rb:189:in `process_action'
  actionpack (4.1.0) lib/action_controller/metal/rendering.rb:10:in `process_action'
  actionpack (4.1.0) lib/abstract_controller/callbacks.rb:20:in `block in process_action'
  activesupport (4.1.0) lib/active_support/callbacks.rb:113:in `call'
  activesupport (4.1.0) lib/active_support/callbacks.rb:113:in `call'
  activesupport (4.1.0) lib/active_support/callbacks.rb:149:in `block in halting_and_conditional'
  activesupport (4.1.0) lib/active_support/callbacks.rb:229:in `call'
  activesupport (4.1.0) lib/active_support/callbacks.rb:229:in `block in halting'
  activesupport (4.1.0) lib/active_support/callbacks.rb:229:in `call'
  activesupport (4.1.0) lib/active_support/callbacks.rb:229:in `block in halting'
  activesupport (4.1.0) lib/active_support/callbacks.rb:166:in `call'
  activesupport (4.1.0) lib/active_support/callbacks.rb:166:in `block in halting'
  activesupport (4.1.0) lib/active_support/callbacks.rb:166:in `call'
  activesupport (4.1.0) lib/active_support/callbacks.rb:166:in `block in halting'
  activesupport (4.1.0) lib/active_support/callbacks.rb:166:in `call'
  activesupport (4.1.0) lib/active_support/callbacks.rb:166:in `block in halting'
  activesupport (4.1.0) lib/active_support/callbacks.rb:86:in `call'
  activesupport (4.1.0) lib/active_support/callbacks.rb:86:in `run_callbacks'
  actionpack (4.1.0) lib/abstract_controller/callbacks.rb:19:in `process_action'
  actionpack (4.1.0) lib/action_controller/metal/rescue.rb:29:in `process_action'
  actionpack (4.1.0) lib/action_controller/metal/instrumentation.rb:31:in `block in process_action'
  activesupport (4.1.0) lib/active_support/notifications.rb:159:in `block in instrument'
  activesupport (4.1.0) lib/active_support/notifications/instrumenter.rb:20:in `instrument'
  activesupport (4.1.0) lib/active_support/notifications.rb:159:in `instrument'
  actionpack (4.1.0) lib/action_controller/metal/instrumentation.rb:30:in `process_action'
  actionpack (4.1.0) lib/action_controller/metal/params_wrapper.rb:250:in `process_action'
  activerecord (4.1.0) lib/active_record/railties/controller_runtime.rb:18:in `process_action'
  actionpack (4.1.0) lib/abstract_controller/base.rb:136:in `process'
  actionview (4.1.0) lib/action_view/rendering.rb:30:in `process'
  actionpack (4.1.0) lib/action_controller/metal.rb:195:in `dispatch'
  actionpack (4.1.0) lib/action_controller/metal/rack_delegation.rb:13:in `dispatch'
  actionpack (4.1.0) lib/action_controller/metal.rb:231:in `block in action'
  actionpack (4.1.0) lib/action_dispatch/routing/route_set.rb:80:in `call'
  actionpack (4.1.0) lib/action_dispatch/routing/route_set.rb:80:in `dispatch'
  actionpack (4.1.0) lib/action_dispatch/routing/route_set.rb:48:in `call'
  actionpack (4.1.0) lib/action_dispatch/journey/router.rb:71:in `block in call'
  actionpack (4.1.0) lib/action_dispatch/journey/router.rb:59:in `each'
  actionpack (4.1.0) lib/action_dispatch/journey/router.rb:59:in `call'
  actionpack (4.1.0) lib/action_dispatch/routing/route_set.rb:676:in `call'
  rack (1.5.2) lib/rack/etag.rb:23:in `call'
  rack (1.5.2) lib/rack/conditionalget.rb:25:in `call'
  rack (1.5.2) lib/rack/head.rb:11:in `call'
  actionpack (4.1.0) lib/action_dispatch/middleware/params_parser.rb:27:in `call'
  actionpack (4.1.0) lib/action_dispatch/middleware/flash.rb:254:in `call'
  rack (1.5.2) lib/rack/session/abstract/id.rb:225:in `context'
  rack (1.5.2) lib/rack/session/abstract/id.rb:220:in `call'
  actionpack (4.1.0) lib/action_dispatch/middleware/cookies.rb:560:in `call'
  activerecord (4.1.0) lib/active_record/query_cache.rb:36:in `call'
  activerecord (4.1.0) lib/active_record/connection_adapters/abstract/connection_pool.rb:621:in `call'
  activerecord (4.1.0) lib/active_record/migration.rb:380:in `call'
  actionpack (4.1.0) lib/action_dispatch/middleware/callbacks.rb:29:in `block in call'
  activesupport (4.1.0) lib/active_support/callbacks.rb:82:in `run_callbacks'
  actionpack (4.1.0) lib/action_dispatch/middleware/callbacks.rb:27:in `call'
  actionpack (4.1.0) lib/action_dispatch/middleware/reloader.rb:73:in `call'
  actionpack (4.1.0) lib/action_dispatch/middleware/remote_ip.rb:76:in `call'
  actionpack (4.1.0) lib/action_dispatch/middleware/debug_exceptions.rb:17:in `call'
  actionpack (4.1.0) lib/action_dispatch/middleware/show_exceptions.rb:30:in `call'
  railties (4.1.0) lib/rails/rack/logger.rb:38:in `call_app'
  railties (4.1.0) lib/rails/rack/logger.rb:20:in `block in call'
  activesupport (4.1.0) lib/active_support/tagged_logging.rb:68:in `block in tagged'
  activesupport (4.1.0) lib/active_support/tagged_logging.rb:26:in `tagged'
  activesupport (4.1.0) lib/active_support/tagged_logging.rb:68:in `tagged'
  railties (4.1.0) lib/rails/rack/logger.rb:20:in `call'
  actionpack (4.1.0) lib/action_dispatch/middleware/request_id.rb:21:in `call'
  rack (1.5.2) lib/rack/methodoverride.rb:21:in `call'
  rack (1.5.2) lib/rack/runtime.rb:17:in `call'
  activesupport (4.1.0) lib/active_support/cache/strategy/local_cache_middleware.rb:26:in `call'
  rack (1.5.2) lib/rack/lock.rb:17:in `call'
  actionpack (4.1.0) lib/action_dispatch/middleware/static.rb:64:in `call'
  rack (1.5.2) lib/rack/sendfile.rb:112:in `call'
  railties (4.1.0) lib/rails/engine.rb:514:in `call'
  railties (4.1.0) lib/rails/application.rb:144:in `call'
  rack (1.5.2) lib/rack/lock.rb:17:in `call'
  rack (1.5.2) lib/rack/content_length.rb:14:in `call'
  rack (1.5.2) lib/rack/handler/webrick.rb:60:in `service'
  /home/ricardo-linux/.rvm/rubies/ruby-2.1.1/lib/ruby/2.1.0/webrick/httpserver.rb:138:in `service'
  /home/ricardo-linux/.rvm/rubies/ruby-2.1.1/lib/ruby/2.1.0/webrick/httpserver.rb:94:in `run'
  /home/ricardo-linux/.rvm/rubies/ruby-2.1.1/lib/ruby/2.1.0/webrick/server.rb:295:in `block in start_thread'


  Rendered /home/ricardo-linux/.rvm/gems/ruby-2.1.1/gems/actionpack-4.1.0/lib/action_dispatch/middleware/templates/rescues/missing_template.html.erb within rescues/layout (0.7ms)


Started GET "/usuarios" for 127.0.0.1 at 2014-04-25 20:29:19 -0700
Processing by UsuariosController#index as HTML
  [1m[36mUsuario Load (0.3ms)[0m  [1mSELECT "usuarios".* FROM "usuarios"[0m
  Rendered usuarios/index.html.erb within layouts/application (12.3ms)
Completed 200 OK in 19ms (Views: 17.3ms | ActiveRecord: 0.3ms)


Started GET "/assets/convenios.css?body=1" for 127.0.0.1 at 2014-04-25 20:29:19 -0700


Started GET "/assets/usuario.css?body=1" for 127.0.0.1 at 2014-04-25 20:29:19 -0700


Started GET "/assets/application.css?body=1" for 127.0.0.1 at 2014-04-25 20:29:19 -0700


Started GET "/assets/jquery.js?body=1" for 127.0.0.1 at 2014-04-25 20:29:19 -0700


Started GET "/assets/jquery_ujs.js?body=1" for 127.0.0.1 at 2014-04-25 20:29:19 -0700


Started GET "/assets/turbolinks.js?body=1" for 127.0.0.1 at 2014-04-25 20:29:19 -0700


Started GET "/assets/convenios.js?body=1" for 127.0.0.1 at 2014-04-25 20:29:19 -0700


Started GET "/assets/usuario.js?body=1" for 127.0.0.1 at 2014-04-25 20:29:19 -0700


Started GET "/assets/application.js?body=1" for 127.0.0.1 at 2014-04-25 20:29:19 -0700


Started GET "/usuarios" for 127.0.0.1 at 2014-04-25 20:30:32 -0700
Processing by UsuariosController#index as HTML
  [1m[35mUsuario Load (0.3ms)[0m  SELECT "usuarios".* FROM "usuarios"
  Rendered usuarios/index.html.erb within layouts/application (7.9ms)
Completed 200 OK in 16ms (Views: 13.0ms | ActiveRecord: 0.3ms)


Started GET "/assets/convenios.css?body=1" for 127.0.0.1 at 2014-04-25 20:30:32 -0700


Started GET "/assets/usuario.css?body=1" for 127.0.0.1 at 2014-04-25 20:30:32 -0700


Started GET "/assets/application.css?body=1" for 127.0.0.1 at 2014-04-25 20:30:32 -0700


Started GET "/assets/jquery.js?body=1" for 127.0.0.1 at 2014-04-25 20:30:32 -0700


Started GET "/assets/jquery_ujs.js?body=1" for 127.0.0.1 at 2014-04-25 20:30:32 -0700


Started GET "/assets/turbolinks.js?body=1" for 127.0.0.1 at 2014-04-25 20:30:32 -0700


Started GET "/assets/convenios.js?body=1" for 127.0.0.1 at 2014-04-25 20:30:32 -0700


Started GET "/assets/usuario.js?body=1" for 127.0.0.1 at 2014-04-25 20:30:32 -0700


Started GET "/assets/application.js?body=1" for 127.0.0.1 at 2014-04-25 20:30:32 -0700


Started GET "/usuarios/new" for 127.0.0.1 at 2014-04-25 20:30:54 -0700
Processing by UsuariosController#new as HTML
  Rendered usuarios/_form.html.erb (69.8ms)
  Rendered usuarios/new.html.erb within layouts/application (73.8ms)
Completed 200 OK in 94ms (Views: 92.8ms | ActiveRecord: 0.0ms)


Started GET "/assets/convenios.css?body=1" for 127.0.0.1 at 2014-04-25 20:30:54 -0700


Started GET "/assets/usuario.css?body=1" for 127.0.0.1 at 2014-04-25 20:30:54 -0700


Started GET "/assets/application.css?body=1" for 127.0.0.1 at 2014-04-25 20:30:54 -0700


Started GET "/assets/jquery.js?body=1" for 127.0.0.1 at 2014-04-25 20:30:54 -0700


Started GET "/assets/jquery_ujs.js?body=1" for 127.0.0.1 at 2014-04-25 20:30:54 -0700


Started GET "/assets/turbolinks.js?body=1" for 127.0.0.1 at 2014-04-25 20:30:54 -0700


Started GET "/assets/convenios.js?body=1" for 127.0.0.1 at 2014-04-25 20:30:54 -0700


Started GET "/assets/usuario.js?body=1" for 127.0.0.1 at 2014-04-25 20:30:54 -0700


Started GET "/assets/application.js?body=1" for 127.0.0.1 at 2014-04-25 20:30:54 -0700


Started POST "/usuarios" for 127.0.0.1 at 2014-04-25 20:31:21 -0700
Processing by UsuariosController#create as HTML
  Parameters: {"utf8"=>"✓", "authenticity_token"=>"XmlJgP1GwvUEqrlaqh8FyAfvG48cDvo6ENoI4UdXNsg=", "usuario"=>{"nome"=>"tamaramigué", "cpf"=>"12345567", "email"=>"asdf@hotmail.com", "login"=>"123", "senha"=>"123"}, "commit"=>"Create Usuario"}
  [1m[36m (0.1ms)[0m  [1mbegin transaction[0m
  [1m[35mUsuario Exists (0.2ms)[0m  SELECT  1 AS one FROM "usuarios"  WHERE "usuarios"."cpf" = '12345567' LIMIT 1
  [1m[36mSQL (0.7ms)[0m  [1mINSERT INTO "usuarios" ("cpf", "created_at", "email", "login", "nome", "senha", "updated_at") VALUES (?, ?, ?, ?, ?, ?, ?)[0m  [["cpf", "12345567"], ["created_at", "2014-04-26 03:31:21.444689"], ["email", "asdf@hotmail.com"], ["login", "123"], ["nome", "tamaramigué"], ["senha", "123"], ["updated_at", "2014-04-26 03:31:21.444689"]]
  [1m[35m (8.5ms)[0m  commit transaction
Redirected to http://localhost:3000/usuarios/new
Completed 302 Found in 117ms (ActiveRecord: 9.5ms)


Started GET "/usuarios/new" for 127.0.0.1 at 2014-04-25 20:31:21 -0700
Processing by UsuariosController#new as HTML
  Rendered usuarios/_form.html.erb (56.4ms)
  Rendered usuarios/new.html.erb within layouts/application (66.6ms)
Completed 200 OK in 82ms (Views: 81.0ms | ActiveRecord: 0.0ms)


Started GET "/assets/convenios.css?body=1" for 127.0.0.1 at 2014-04-25 20:31:21 -0700


Started GET "/assets/usuario.css?body=1" for 127.0.0.1 at 2014-04-25 20:31:21 -0700


Started GET "/assets/application.css?body=1" for 127.0.0.1 at 2014-04-25 20:31:21 -0700


Started GET "/assets/jquery.js?body=1" for 127.0.0.1 at 2014-04-25 20:31:21 -0700


Started GET "/assets/jquery_ujs.js?body=1" for 127.0.0.1 at 2014-04-25 20:31:21 -0700


Started GET "/assets/turbolinks.js?body=1" for 127.0.0.1 at 2014-04-25 20:31:21 -0700


Started GET "/assets/convenios.js?body=1" for 127.0.0.1 at 2014-04-25 20:31:21 -0700


Started GET "/assets/usuario.js?body=1" for 127.0.0.1 at 2014-04-25 20:31:21 -0700


Started GET "/assets/application.js?body=1" for 127.0.0.1 at 2014-04-25 20:31:21 -0700


Started GET "/usuarios" for 127.0.0.1 at 2014-04-25 20:31:25 -0700
Processing by UsuariosController#index as HTML
  [1m[36mUsuario Load (0.3ms)[0m  [1mSELECT "usuarios".* FROM "usuarios"[0m
  Rendered usuarios/index.html.erb within layouts/application (5.5ms)
Completed 200 OK in 37ms (Views: 35.2ms | ActiveRecord: 0.3ms)


Started GET "/assets/convenios.css?body=1" for 127.0.0.1 at 2014-04-25 20:31:25 -0700


Started GET "/assets/usuario.css?body=1" for 127.0.0.1 at 2014-04-25 20:31:25 -0700


Started GET "/assets/application.css?body=1" for 127.0.0.1 at 2014-04-25 20:31:25 -0700


Started GET "/assets/jquery.js?body=1" for 127.0.0.1 at 2014-04-25 20:31:25 -0700


Started GET "/assets/jquery_ujs.js?body=1" for 127.0.0.1 at 2014-04-25 20:31:25 -0700


Started GET "/assets/turbolinks.js?body=1" for 127.0.0.1 at 2014-04-25 20:31:25 -0700


Started GET "/assets/convenios.js?body=1" for 127.0.0.1 at 2014-04-25 20:31:25 -0700


Started GET "/assets/usuario.js?body=1" for 127.0.0.1 at 2014-04-25 20:31:25 -0700


Started GET "/assets/application.js?body=1" for 127.0.0.1 at 2014-04-25 20:31:25 -0700


Started GET "/usuarios" for 127.0.0.1 at 2014-04-25 20:32:17 -0700
Processing by UsuariosController#index as HTML
  [1m[35mUsuario Load (0.3ms)[0m  SELECT "usuarios".* FROM "usuarios"
  Rendered usuarios/index.html.erb within layouts/application (5.8ms)
Completed 200 OK in 30ms (Views: 28.5ms | ActiveRecord: 0.3ms)


Started GET "/assets/convenios.css?body=1" for 127.0.0.1 at 2014-04-25 20:32:17 -0700


Started GET "/assets/usuario.css?body=1" for 127.0.0.1 at 2014-04-25 20:32:17 -0700


Started GET "/assets/application.css?body=1" for 127.0.0.1 at 2014-04-25 20:32:17 -0700


Started GET "/assets/jquery.js?body=1" for 127.0.0.1 at 2014-04-25 20:32:17 -0700


Started GET "/assets/jquery_ujs.js?body=1" for 127.0.0.1 at 2014-04-25 20:32:17 -0700


Started GET "/assets/turbolinks.js?body=1" for 127.0.0.1 at 2014-04-25 20:32:17 -0700


Started GET "/assets/convenios.js?body=1" for 127.0.0.1 at 2014-04-25 20:32:17 -0700


Started GET "/assets/usuario.js?body=1" for 127.0.0.1 at 2014-04-25 20:32:17 -0700


Started GET "/assets/application.js?body=1" for 127.0.0.1 at 2014-04-25 20:32:17 -0700


Started GET "/usuarios" for 127.0.0.1 at 2014-04-25 20:32:18 -0700
Processing by UsuariosController#index as HTML
  [1m[36mUsuario Load (0.2ms)[0m  [1mSELECT "usuarios".* FROM "usuarios"[0m
  Rendered usuarios/index.html.erb within layouts/application (3.6ms)
Completed 200 OK in 12ms (Views: 11.2ms | ActiveRecord: 0.2ms)


Started GET "/assets/convenios.css?body=1" for 127.0.0.1 at 2014-04-25 20:32:18 -0700


Started GET "/assets/usuario.css?body=1" for 127.0.0.1 at 2014-04-25 20:32:18 -0700


Started GET "/assets/application.css?body=1" for 127.0.0.1 at 2014-04-25 20:32:18 -0700


Started GET "/assets/jquery.js?body=1" for 127.0.0.1 at 2014-04-25 20:32:18 -0700


Started GET "/assets/jquery_ujs.js?body=1" for 127.0.0.1 at 2014-04-25 20:32:19 -0700


Started GET "/assets/turbolinks.js?body=1" for 127.0.0.1 at 2014-04-25 20:32:19 -0700


Started GET "/assets/convenios.js?body=1" for 127.0.0.1 at 2014-04-25 20:32:19 -0700


Started GET "/assets/usuario.js?body=1" for 127.0.0.1 at 2014-04-25 20:32:19 -0700


Started GET "/assets/application.js?body=1" for 127.0.0.1 at 2014-04-25 20:32:19 -0700


Started GET "/usuarios" for 127.0.0.1 at 2014-04-25 20:32:19 -0700
Processing by UsuariosController#index as HTML
  [1m[35mUsuario Load (0.2ms)[0m  SELECT "usuarios".* FROM "usuarios"
  Rendered usuarios/index.html.erb within layouts/application (2.4ms)
Completed 200 OK in 26ms (Views: 24.5ms | ActiveRecord: 0.2ms)


Started GET "/assets/convenios.css?body=1" for 127.0.0.1 at 2014-04-25 20:32:19 -0700


Started GET "/assets/usuario.css?body=1" for 127.0.0.1 at 2014-04-25 20:32:19 -0700


Started GET "/assets/application.css?body=1" for 127.0.0.1 at 2014-04-25 20:32:19 -0700


Started GET "/assets/jquery.js?body=1" for 127.0.0.1 at 2014-04-25 20:32:19 -0700


Started GET "/assets/jquery_ujs.js?body=1" for 127.0.0.1 at 2014-04-25 20:32:19 -0700


Started GET "/assets/turbolinks.js?body=1" for 127.0.0.1 at 2014-04-25 20:32:19 -0700


Started GET "/assets/convenios.js?body=1" for 127.0.0.1 at 2014-04-25 20:32:19 -0700


Started GET "/assets/usuario.js?body=1" for 127.0.0.1 at 2014-04-25 20:32:19 -0700


Started GET "/assets/application.js?body=1" for 127.0.0.1 at 2014-04-25 20:32:19 -0700


Started GET "/usuarios" for 127.0.0.1 at 2014-04-25 20:32:29 -0700
Processing by UsuariosController#index as HTML
  [1m[36mUsuario Load (0.2ms)[0m  [1mSELECT "usuarios".* FROM "usuarios"[0m
  Rendered usuarios/index.html.erb within layouts/application (1.5ms)
Completed 200 OK in 15ms (Views: 13.5ms | ActiveRecord: 0.2ms)


Started GET "/assets/convenios.css?body=1" for 127.0.0.1 at 2014-04-25 20:32:29 -0700


Started GET "/assets/usuario.css?body=1" for 127.0.0.1 at 2014-04-25 20:32:29 -0700


Started GET "/assets/application.css?body=1" for 127.0.0.1 at 2014-04-25 20:32:29 -0700


Started GET "/assets/jquery.js?body=1" for 127.0.0.1 at 2014-04-25 20:32:29 -0700


Started GET "/assets/jquery_ujs.js?body=1" for 127.0.0.1 at 2014-04-25 20:32:29 -0700


Started GET "/assets/turbolinks.js?body=1" for 127.0.0.1 at 2014-04-25 20:32:29 -0700


Started GET "/assets/convenios.js?body=1" for 127.0.0.1 at 2014-04-25 20:32:29 -0700


Started GET "/assets/usuario.js?body=1" for 127.0.0.1 at 2014-04-25 20:32:29 -0700


Started GET "/assets/application.js?body=1" for 127.0.0.1 at 2014-04-25 20:32:29 -0700
